TN:
SF:/home/leandro/BackupStefanini/NetBeansProjects/TekkenFront/src/assets/dist/js/bootstrap.bundle.js
FN:6,(anonymous_1)
FN:10,(anonymous_2)
FN:14,_defineProperties
FN:24,_createClass
FN:30,_extends
FN:31,(anonymous_6)
FN:48,_inheritsLoose
FN:70,toType
FN:78,getSpecialTransitionEndEvent
FN:82,handle
FN:92,transitionEndEmulator
FN:96,(anonymous_12)
FN:99,(anonymous_13)
FN:107,setTransitionEndSupport
FN:120,getUID
FN:128,getSelectorFromElement
FN:142,getTransitionDurationFromElement
FN:162,reflow
FN:165,triggerTransitionEnd
FN:169,supportsTransitionEnd
FN:172,isElement
FN:175,typeCheckConfig
FN:188,findShadowRoot
FN:210,jQueryDetection
FN:255,(anonymous_25)
FN:256,Alert
FN:264,close
FN:280,dispose
FN:286,_getRootElement
FN:301,_triggerCloseEvent
FN:307,_removeElement
FN:319,(anonymous_32)
FN:324,_destroyElement
FN:329,_jQueryInterface
FN:330,(anonymous_35)
FN:345,_handleDismiss
FN:346,(anonymous_37)
FN:357,get
FN:381,(anonymous_39)
FN:417,(anonymous_40)
FN:418,Button
FN:426,toggle
FN:472,dispose
FN:478,_jQueryInterface
FN:479,(anonymous_45)
FN:495,get
FN:509,(anonymous_47)
FN:532,(anonymous_48)
FN:536,(anonymous_49)
FN:574,(anonymous_50)
FN:657,(anonymous_51)
FN:658,Carousel
FN:680,next
FN:686,nextWhenVisible
FN:694,prev
FN:700,pause
FN:714,cycle
FN:729,to
FN:741,(anonymous_59)
FN:758,dispose
FN:772,_getConfig
FN:778,_handleSwipe
FN:798,_addEventListeners
FN:802,(anonymous_64)
FN:808,(anonymous_65)
FN:810,(anonymous_66)
FN:820,_addTouchEventListeners
FN:827,start
FN:835,move
FN:844,end
FN:865,(anonymous_71)
FN:871,(anonymous_72)
FN:876,(anonymous_73)
FN:879,(anonymous_74)
FN:885,(anonymous_75)
FN:888,(anonymous_76)
FN:891,(anonymous_77)
FN:897,_keydown
FN:915,_getItemIndex
FN:920,_getItemByDirection
FN:938,_triggerSlideEvent
FN:953,_setActiveIndicatorElement
FN:966,_slide
FN:1038,(anonymous_84)
FN:1042,(anonymous_85)
FN:1059,_jQueryInterface
FN:1060,(anonymous_87)
FN:1091,_dataApiClickHandler
FN:1123,get
FN:1128,get
FN:1143,(anonymous_91)
FN:1161,(anonymous_92)
FN:1205,(anonymous_93)
FN:1206,Collapse
FN:1216,(anonymous_95)
FN:1242,toggle
FN:1250,show
FN:1261,(anonymous_98)
FN:1308,complete
FN:1324,hide
FN:1362,complete
FN:1373,setTransitioning
FN:1377,dispose
FN:1387,_getConfig
FN:1395,_getDimension
FN:1400,_getParent
FN:1417,(anonymous_107)
FN:1423,_addAriaAndCollapsedClass
FN:1432,_getTargetFromElement
FN:1437,_jQueryInterface
FN:1438,(anonymous_111)
FN:1465,get
FN:1470,get
FN:1484,(anonymous_114)
FN:1493,(anonymous_115)
FN:1510,(anonymous_116)
FN:1541,(anonymous_117)
FN:1551,microtaskDebounce
FN:1553,(anonymous_119)
FN:1558,(anonymous_120)
FN:1565,taskDebounce
FN:1567,(anonymous_122)
FN:1570,(anonymous_123)
FN:1598,isFunction
FN:1610,getStyleComputedProperty
FN:1627,getParentNode
FN:1641,getScrollParent
FN:1676,getReferenceNode
FN:1690,isIE
FN:1707,getOffsetParent
FN:1736,isOffsetContainer
FN:1752,getRoot
FN:1768,findCommonOffsetParent
FN:1812,getScroll
FN:1836,includeScroll
FN:1859,getBordersSize
FN:1866,getSize
FN:1870,getWindowSizes
FN:1881,(anonymous_139)
FN:1887,(anonymous_140)
FN:1888,defineProperties
FN:1898,(anonymous_142)
FN:1909,(anonymous_143)
FN:1924,(anonymous_144)
FN:1945,getClientRect
FN:1959,getBoundingClientRect
FN:2008,getOffsetRectRelativeToArbitraryNode
FN:2060,getViewportOffsetRectRelativeToArtbitraryNode
FN:2089,isFixed
FN:2112,getFixedPositionOffsetParent
FN:2135,getBoundaries
FN:2189,getArea
FN:2205,computeAutoPlacement
FN:2233,(anonymous_154)
FN:2239,(anonymous_155)
FN:2243,(anonymous_156)
FN:2266,getReferenceOffsets
FN:2280,getOuterSizes
FN:2299,getOppositePlacement
FN:2301,(anonymous_160)
FN:2316,getPopperOffsets
FN:2354,find
FN:2373,findIndex
FN:2376,(anonymous_164)
FN:2382,(anonymous_165)
FN:2398,runModifiers
FN:2401,(anonymous_167)
FN:2428,update
FN:2480,isModifierEnabled
FN:2481,(anonymous_170)
FN:2495,getSupportedPropertyName
FN:2514,destroy
FN:2544,getWindow
FN:2549,attachToScrollParents
FN:2566,setupEventListeners
FN:2586,enableEventListeners
FN:2598,removeEventListeners
FN:2603,(anonymous_178)
FN:2622,disableEventListeners
FN:2636,isNumeric
FN:2648,setStyles
FN:2649,(anonymous_182)
FN:2667,setAttributes
FN:2668,(anonymous_184)
FN:2687,applyStyle
FN:2716,applyStyleOnLoad
FN:2753,getRoundedOffsets
FN:2760,noRound
FN:2792,computeStyle
FN:2799,(anonymous_190)
FN:2893,isModifierRequired
FN:2894,(anonymous_192)
FN:2899,(anonymous_193)
FN:2918,arrow
FN:3000,getOppositeVariation
FN:3055,clockwise
FN:3076,flip
FN:3109,(anonymous_198)
FN:3173,keepTogether
FN:3207,toValue
FN:3259,parseOffset
FN:3269,(anonymous_202)
FN:3275,(anonymous_203)
FN:3289,(anonymous_204)
FN:3296,(anonymous_205)
FN:3310,(anonymous_206)
FN:3316,(anonymous_207)
FN:3317,(anonymous_208)
FN:3335,offset
FN:3376,preventOverflow
FN:3413,primary
FN:3420,secondary
FN:3430,(anonymous_213)
FN:3447,shift
FN:3480,hide
FN:3486,(anonymous_216)
FN:3518,inner
FN:3944,onCreate
FN:3954,onUpdate
FN:3976,(anonymous_220)
FN:3985,Popper
FN:3991,(anonymous_222)
FN:4014,(anonymous_223)
FN:4019,(anonymous_224)
FN:4025,(anonymous_225)
FN:4033,(anonymous_226)
FN:4057,update$$1
FN:4062,destroy$$1
FN:4067,enableEventListeners$$1
FN:4072,disableEventListeners$$1
FN:4202,(anonymous_231)
FN:4203,Dropdown
FN:4217,toggle
FN:4233,show
FN:4303,hide
FN:4329,dispose
FN:4342,update
FN:4351,_addEventListeners
FN:4354,(anonymous_239)
FN:4362,_getConfig
FN:4368,_getMenuElement
FN:4380,_getPlacement
FN:4397,_detectNavbar
FN:4401,_getOffset
FN:4407,(anonymous_245)
FN:4418,_getPopperConfig
FN:4442,_jQueryInterface
FN:4443,(anonymous_248)
FN:4463,_clearMenus
FN:4520,_getParentFromElement
FN:4532,_dataApiKeydownHandler
FN:4568,(anonymous_252)
FN:4597,get
FN:4602,get
FN:4607,get
FN:4621,(anonymous_256)
FN:4626,(anonymous_257)
FN:4638,(anonymous_258)
FN:4700,(anonymous_259)
FN:4701,Modal
FN:4717,toggle
FN:4721,show
FN:4753,(anonymous_263)
FN:4756,(anonymous_264)
FN:4757,(anonymous_265)
FN:4764,(anonymous_266)
FN:4769,hide
FN:4805,(anonymous_268)
FN:4813,dispose
FN:4814,(anonymous_270)
FN:4836,handleUpdate
FN:4841,_getConfig
FN:4847,_triggerBackdropTransition
FN:4868,(anonymous_274)
FN:4872,(anonymous_275)
FN:4884,_showElement
FN:4923,transitionComplete
FN:4940,_enforceFocus
FN:4944,(anonymous_279)
FN:4951,_setEscapeEvent
FN:4955,(anonymous_281)
FN:4969,_setResizeEvent
FN:4973,(anonymous_283)
FN:4981,_hideModal
FN:4994,(anonymous_285)
FN:5005,_removeBackdrop
FN:5012,_showBackdrop
FN:5026,(anonymous_288)
FN:5059,callbackRemove
FN:5083,_adjustDialog
FN:5095,_resetAdjustments
FN:5100,_checkScrollbar
FN:5106,_setScrollbar
FN:5115,(anonymous_294)
FN:5121,(anonymous_295)
FN:5135,_resetScrollbar
FN:5138,(anonymous_297)
FN:5145,(anonymous_298)
FN:5158,_getScrollbarWidth
FN:5169,_jQueryInterface
FN:5170,(anonymous_301)
FN:5194,get
FN:5199,get
FN:5213,(anonymous_304)
FN:5229,(anonymous_305)
FN:5235,(anonymous_306)
FN:5253,(anonymous_307)
FN:5314,allowedAttribute
FN:5325,(anonymous_309)
FN:5338,sanitizeHtml
FN:5352,_loop
FN:5363,(anonymous_312)
FN:5464,(anonymous_313)
FN:5465,Tooltip
FN:5488,enable
FN:5492,disable
FN:5496,toggleEnabled
FN:5500,toggle
FN:5532,dispose
FN:5557,show
FN:5610,complete
FN:5633,hide
FN:5639,complete
FN:5686,update
FN:5693,isWithContent
FN:5697,addAttachmentClass
FN:5701,getTipElement
FN:5706,setContent
FN:5712,setElementContent
FN:5737,getTitle
FN:5748,_getPopperConfig
FN:5765,onCreate
FN:5770,onUpdate
FN:5777,_getOffset
FN:5783,(anonymous_335)
FN:5794,_getContainer
FN:5806,_getAttachment
FN:5810,_setListeners
FN:5814,(anonymous_339)
FN:5816,(anonymous_340)
FN:5822,(anonymous_341)
FN:5824,(anonymous_342)
FN:5830,(anonymous_343)
FN:5848,_fixTitle
FN:5857,_enter
FN:5883,(anonymous_346)
FN:5890,_leave
FN:5915,(anonymous_348)
FN:5922,_isWithActiveTrigger
FN:5932,_getConfig
FN:5934,(anonymous_351)
FN:5965,_getDelegateConfig
FN:5979,_cleanTipClass
FN:5988,_handlePopperPlacementChange
FN:5996,_fixTransition
FN:6012,_jQueryInterface
FN:6013,(anonymous_357)
FN:6039,get
FN:6044,get
FN:6049,get
FN:6054,get
FN:6059,get
FN:6064,get
FN:6069,get
FN:6086,(anonymous_365)
FN:6138,(anonymous_366)
FN:6141,Popover
FN:6148,isWithContent
FN:6152,addAttachmentClass
FN:6156,getTipElement
FN:6161,setContent
FN:6177,_getContent
FN:6181,_cleanTipClass
FN:6191,_jQueryInterface
FN:6192,(anonymous_375)
FN:6219,get
FN:6224,get
FN:6229,get
FN:6234,get
FN:6239,get
FN:6244,get
FN:6249,get
FN:6266,(anonymous_383)
FN:6314,(anonymous_384)
FN:6315,ScrollSpy
FN:6326,(anonymous_386)
FN:6338,refresh
FN:6348,(anonymous_388)
FN:6366,(anonymous_389)
FN:6368,(anonymous_390)
FN:6370,(anonymous_391)
FN:6377,dispose
FN:6391,_getConfig
FN:6409,_getScrollTop
FN:6413,_getScrollHeight
FN:6417,_getOffsetHeight
FN:6421,_process
FN:6459,_activate
FN:6464,(anonymous_399)
FN:6488,_clear
FN:6489,(anonymous_401)
FN:6491,(anonymous_402)
FN:6497,_jQueryInterface
FN:6498,(anonymous_404)
FN:6520,get
FN:6525,get
FN:6539,(anonymous_407)
FN:6558,(anonymous_408)
FN:6598,(anonymous_409)
FN:6599,Tab
FN:6607,show
FN:6648,complete
FN:6666,dispose
FN:6672,_activate
FN:6679,complete
FN:6691,_transitionComplete
FN:6734,_jQueryInterface
FN:6735,(anonymous_418)
FN:6756,get
FN:6770,(anonymous_420)
FN:6784,(anonymous_421)
FN:6826,(anonymous_422)
FN:6827,Toast
FN:6839,show
FN:6855,complete
FN:6863,(anonymous_426)
FN:6883,hide
FN:6898,dispose
FN:6912,_getConfig
FN:6918,_setListeners
FN:6921,(anonymous_431)
FN:6926,_close
FN:6929,complete
FN:6945,_clearTimeout
FN:6951,_jQueryInterface
FN:6952,(anonymous_436)
FN:6975,get
FN:6980,get
FN:6985,get
FN:7002,(anonymous_440)
FNF:440
FNH:32
FNDA:1,(anonymous_1)
FNDA:1,(anonymous_2)
FNDA:11,_defineProperties
FNDA:11,_createClass
FNDA:1,_extends
FNDA:0,(anonymous_6)
FNDA:1,_inheritsLoose
FNDA:0,toType
FNDA:1,getSpecialTransitionEndEvent
FNDA:0,handle
FNDA:0,transitionEndEmulator
FNDA:0,(anonymous_12)
FNDA:0,(anonymous_13)
FNDA:1,setTransitionEndSupport
FNDA:0,getUID
FNDA:0,getSelectorFromElement
FNDA:0,getTransitionDurationFromElement
FNDA:0,reflow
FNDA:0,triggerTransitionEnd
FNDA:0,supportsTransitionEnd
FNDA:0,isElement
FNDA:0,typeCheckConfig
FNDA:0,findShadowRoot
FNDA:1,jQueryDetection
FNDA:1,(anonymous_25)
FNDA:1,Alert
FNDA:0,close
FNDA:0,dispose
FNDA:0,_getRootElement
FNDA:0,_triggerCloseEvent
FNDA:0,_removeElement
FNDA:0,(anonymous_32)
FNDA:0,_destroyElement
FNDA:0,_jQueryInterface
FNDA:0,(anonymous_35)
FNDA:1,_handleDismiss
FNDA:0,(anonymous_37)
FNDA:0,get
FNDA:0,(anonymous_39)
FNDA:1,(anonymous_40)
FNDA:0,Button
FNDA:0,toggle
FNDA:0,dispose
FNDA:0,_jQueryInterface
FNDA:0,(anonymous_45)
FNDA:0,get
FNDA:0,(anonymous_47)
FNDA:0,(anonymous_48)
FNDA:1,(anonymous_49)
FNDA:0,(anonymous_50)
FNDA:1,(anonymous_51)
FNDA:0,Carousel
FNDA:0,next
FNDA:0,nextWhenVisible
FNDA:0,prev
FNDA:0,pause
FNDA:0,cycle
FNDA:0,to
FNDA:0,(anonymous_59)
FNDA:0,dispose
FNDA:0,_getConfig
FNDA:0,_handleSwipe
FNDA:0,_addEventListeners
FNDA:0,(anonymous_64)
FNDA:0,(anonymous_65)
FNDA:0,(anonymous_66)
FNDA:0,_addTouchEventListeners
FNDA:0,start
FNDA:0,move
FNDA:0,end
FNDA:0,(anonymous_71)
FNDA:0,(anonymous_72)
FNDA:0,(anonymous_73)
FNDA:0,(anonymous_74)
FNDA:0,(anonymous_75)
FNDA:0,(anonymous_76)
FNDA:0,(anonymous_77)
FNDA:0,_keydown
FNDA:0,_getItemIndex
FNDA:0,_getItemByDirection
FNDA:0,_triggerSlideEvent
FNDA:0,_setActiveIndicatorElement
FNDA:0,_slide
FNDA:0,(anonymous_84)
FNDA:0,(anonymous_85)
FNDA:0,_jQueryInterface
FNDA:0,(anonymous_87)
FNDA:0,_dataApiClickHandler
FNDA:0,get
FNDA:0,get
FNDA:1,(anonymous_91)
FNDA:0,(anonymous_92)
FNDA:1,(anonymous_93)
FNDA:0,Collapse
FNDA:0,(anonymous_95)
FNDA:0,toggle
FNDA:0,show
FNDA:0,(anonymous_98)
FNDA:0,complete
FNDA:0,hide
FNDA:0,complete
FNDA:0,setTransitioning
FNDA:0,dispose
FNDA:0,_getConfig
FNDA:0,_getDimension
FNDA:0,_getParent
FNDA:0,(anonymous_107)
FNDA:0,_addAriaAndCollapsedClass
FNDA:0,_getTargetFromElement
FNDA:0,_jQueryInterface
FNDA:0,(anonymous_111)
FNDA:0,get
FNDA:0,get
FNDA:0,(anonymous_114)
FNDA:0,(anonymous_115)
FNDA:0,(anonymous_116)
FNDA:1,(anonymous_117)
FNDA:0,microtaskDebounce
FNDA:0,(anonymous_119)
FNDA:0,(anonymous_120)
FNDA:0,taskDebounce
FNDA:0,(anonymous_122)
FNDA:0,(anonymous_123)
FNDA:0,isFunction
FNDA:0,getStyleComputedProperty
FNDA:0,getParentNode
FNDA:0,getScrollParent
FNDA:0,getReferenceNode
FNDA:0,isIE
FNDA:0,getOffsetParent
FNDA:0,isOffsetContainer
FNDA:0,getRoot
FNDA:0,findCommonOffsetParent
FNDA:0,getScroll
FNDA:0,includeScroll
FNDA:0,getBordersSize
FNDA:0,getSize
FNDA:0,getWindowSizes
FNDA:0,(anonymous_139)
FNDA:1,(anonymous_140)
FNDA:1,defineProperties
FNDA:1,(anonymous_142)
FNDA:0,(anonymous_143)
FNDA:0,(anonymous_144)
FNDA:0,getClientRect
FNDA:0,getBoundingClientRect
FNDA:0,getOffsetRectRelativeToArbitraryNode
FNDA:0,getViewportOffsetRectRelativeToArtbitraryNode
FNDA:0,isFixed
FNDA:0,getFixedPositionOffsetParent
FNDA:0,getBoundaries
FNDA:0,getArea
FNDA:0,computeAutoPlacement
FNDA:0,(anonymous_154)
FNDA:0,(anonymous_155)
FNDA:0,(anonymous_156)
FNDA:0,getReferenceOffsets
FNDA:0,getOuterSizes
FNDA:0,getOppositePlacement
FNDA:0,(anonymous_160)
FNDA:0,getPopperOffsets
FNDA:0,find
FNDA:0,findIndex
FNDA:0,(anonymous_164)
FNDA:0,(anonymous_165)
FNDA:0,runModifiers
FNDA:0,(anonymous_167)
FNDA:0,update
FNDA:0,isModifierEnabled
FNDA:0,(anonymous_170)
FNDA:0,getSupportedPropertyName
FNDA:0,destroy
FNDA:0,getWindow
FNDA:0,attachToScrollParents
FNDA:0,setupEventListeners
FNDA:0,enableEventListeners
FNDA:0,removeEventListeners
FNDA:0,(anonymous_178)
FNDA:0,disableEventListeners
FNDA:0,isNumeric
FNDA:0,setStyles
FNDA:0,(anonymous_182)
FNDA:0,setAttributes
FNDA:0,(anonymous_184)
FNDA:0,applyStyle
FNDA:0,applyStyleOnLoad
FNDA:0,getRoundedOffsets
FNDA:0,noRound
FNDA:0,computeStyle
FNDA:0,(anonymous_190)
FNDA:0,isModifierRequired
FNDA:0,(anonymous_192)
FNDA:0,(anonymous_193)
FNDA:0,arrow
FNDA:0,getOppositeVariation
FNDA:0,clockwise
FNDA:0,flip
FNDA:0,(anonymous_198)
FNDA:0,keepTogether
FNDA:0,toValue
FNDA:0,parseOffset
FNDA:0,(anonymous_202)
FNDA:0,(anonymous_203)
FNDA:0,(anonymous_204)
FNDA:0,(anonymous_205)
FNDA:0,(anonymous_206)
FNDA:0,(anonymous_207)
FNDA:0,(anonymous_208)
FNDA:0,offset
FNDA:0,preventOverflow
FNDA:0,primary
FNDA:0,secondary
FNDA:0,(anonymous_213)
FNDA:0,shift
FNDA:0,hide
FNDA:0,(anonymous_216)
FNDA:0,inner
FNDA:0,onCreate
FNDA:0,onUpdate
FNDA:1,(anonymous_220)
FNDA:0,Popper
FNDA:0,(anonymous_222)
FNDA:0,(anonymous_223)
FNDA:0,(anonymous_224)
FNDA:0,(anonymous_225)
FNDA:0,(anonymous_226)
FNDA:0,update$$1
FNDA:0,destroy$$1
FNDA:0,enableEventListeners$$1
FNDA:0,disableEventListeners$$1
FNDA:1,(anonymous_231)
FNDA:0,Dropdown
FNDA:0,toggle
FNDA:0,show
FNDA:0,hide
FNDA:0,dispose
FNDA:0,update
FNDA:0,_addEventListeners
FNDA:0,(anonymous_239)
FNDA:0,_getConfig
FNDA:0,_getMenuElement
FNDA:0,_getPlacement
FNDA:0,_detectNavbar
FNDA:0,_getOffset
FNDA:0,(anonymous_245)
FNDA:0,_getPopperConfig
FNDA:0,_jQueryInterface
FNDA:0,(anonymous_248)
FNDA:0,_clearMenus
FNDA:0,_getParentFromElement
FNDA:0,_dataApiKeydownHandler
FNDA:0,(anonymous_252)
FNDA:0,get
FNDA:0,get
FNDA:0,get
FNDA:0,(anonymous_256)
FNDA:0,(anonymous_257)
FNDA:0,(anonymous_258)
FNDA:1,(anonymous_259)
FNDA:0,Modal
FNDA:0,toggle
FNDA:0,show
FNDA:0,(anonymous_263)
FNDA:0,(anonymous_264)
FNDA:0,(anonymous_265)
FNDA:0,(anonymous_266)
FNDA:0,hide
FNDA:0,(anonymous_268)
FNDA:0,dispose
FNDA:0,(anonymous_270)
FNDA:0,handleUpdate
FNDA:0,_getConfig
FNDA:0,_triggerBackdropTransition
FNDA:0,(anonymous_274)
FNDA:0,(anonymous_275)
FNDA:0,_showElement
FNDA:0,transitionComplete
FNDA:0,_enforceFocus
FNDA:0,(anonymous_279)
FNDA:0,_setEscapeEvent
FNDA:0,(anonymous_281)
FNDA:0,_setResizeEvent
FNDA:0,(anonymous_283)
FNDA:0,_hideModal
FNDA:0,(anonymous_285)
FNDA:0,_removeBackdrop
FNDA:0,_showBackdrop
FNDA:0,(anonymous_288)
FNDA:0,callbackRemove
FNDA:0,_adjustDialog
FNDA:0,_resetAdjustments
FNDA:0,_checkScrollbar
FNDA:0,_setScrollbar
FNDA:0,(anonymous_294)
FNDA:0,(anonymous_295)
FNDA:0,_resetScrollbar
FNDA:0,(anonymous_297)
FNDA:0,(anonymous_298)
FNDA:0,_getScrollbarWidth
FNDA:0,_jQueryInterface
FNDA:0,(anonymous_301)
FNDA:0,get
FNDA:0,get
FNDA:0,(anonymous_304)
FNDA:0,(anonymous_305)
FNDA:0,(anonymous_306)
FNDA:0,(anonymous_307)
FNDA:0,allowedAttribute
FNDA:0,(anonymous_309)
FNDA:0,sanitizeHtml
FNDA:0,_loop
FNDA:0,(anonymous_312)
FNDA:1,(anonymous_313)
FNDA:0,Tooltip
FNDA:0,enable
FNDA:0,disable
FNDA:0,toggleEnabled
FNDA:0,toggle
FNDA:0,dispose
FNDA:0,show
FNDA:0,complete
FNDA:0,hide
FNDA:0,complete
FNDA:0,update
FNDA:0,isWithContent
FNDA:0,addAttachmentClass
FNDA:0,getTipElement
FNDA:0,setContent
FNDA:0,setElementContent
FNDA:0,getTitle
FNDA:0,_getPopperConfig
FNDA:0,onCreate
FNDA:0,onUpdate
FNDA:0,_getOffset
FNDA:0,(anonymous_335)
FNDA:0,_getContainer
FNDA:0,_getAttachment
FNDA:0,_setListeners
FNDA:0,(anonymous_339)
FNDA:0,(anonymous_340)
FNDA:0,(anonymous_341)
FNDA:0,(anonymous_342)
FNDA:0,(anonymous_343)
FNDA:0,_fixTitle
FNDA:0,_enter
FNDA:0,(anonymous_346)
FNDA:0,_leave
FNDA:0,(anonymous_348)
FNDA:0,_isWithActiveTrigger
FNDA:0,_getConfig
FNDA:0,(anonymous_351)
FNDA:0,_getDelegateConfig
FNDA:0,_cleanTipClass
FNDA:0,_handlePopperPlacementChange
FNDA:0,_fixTransition
FNDA:0,_jQueryInterface
FNDA:0,(anonymous_357)
FNDA:0,get
FNDA:1,get
FNDA:0,get
FNDA:0,get
FNDA:0,get
FNDA:0,get
FNDA:1,get
FNDA:0,(anonymous_365)
FNDA:1,(anonymous_366)
FNDA:0,Popover
FNDA:0,isWithContent
FNDA:0,addAttachmentClass
FNDA:0,getTipElement
FNDA:0,setContent
FNDA:0,_getContent
FNDA:0,_cleanTipClass
FNDA:0,_jQueryInterface
FNDA:0,(anonymous_375)
FNDA:0,get
FNDA:0,get
FNDA:0,get
FNDA:0,get
FNDA:0,get
FNDA:0,get
FNDA:0,get
FNDA:0,(anonymous_383)
FNDA:1,(anonymous_384)
FNDA:0,ScrollSpy
FNDA:0,(anonymous_386)
FNDA:0,refresh
FNDA:0,(anonymous_388)
FNDA:0,(anonymous_389)
FNDA:0,(anonymous_390)
FNDA:0,(anonymous_391)
FNDA:0,dispose
FNDA:0,_getConfig
FNDA:0,_getScrollTop
FNDA:0,_getScrollHeight
FNDA:0,_getOffsetHeight
FNDA:0,_process
FNDA:0,_activate
FNDA:0,(anonymous_399)
FNDA:0,_clear
FNDA:0,(anonymous_401)
FNDA:0,(anonymous_402)
FNDA:0,_jQueryInterface
FNDA:0,(anonymous_404)
FNDA:0,get
FNDA:0,get
FNDA:1,(anonymous_407)
FNDA:0,(anonymous_408)
FNDA:1,(anonymous_409)
FNDA:0,Tab
FNDA:0,show
FNDA:0,complete
FNDA:0,dispose
FNDA:0,_activate
FNDA:0,complete
FNDA:0,_transitionComplete
FNDA:0,_jQueryInterface
FNDA:0,(anonymous_418)
FNDA:0,get
FNDA:0,(anonymous_420)
FNDA:0,(anonymous_421)
FNDA:1,(anonymous_422)
FNDA:0,Toast
FNDA:0,show
FNDA:0,complete
FNDA:0,(anonymous_426)
FNDA:0,hide
FNDA:0,dispose
FNDA:0,_getConfig
FNDA:0,_setListeners
FNDA:0,(anonymous_431)
FNDA:0,_close
FNDA:0,complete
FNDA:0,_clearTimeout
FNDA:0,_jQueryInterface
FNDA:0,(anonymous_436)
FNDA:0,get
FNDA:0,get
FNDA:0,get
FNDA:0,(anonymous_440)
DA:6,1
DA:7,1
DA:12,1
DA:14,1
DA:15,11
DA:16,31
DA:17,31
DA:18,31
DA:19,31
DA:20,31
DA:24,1
DA:25,11
DA:26,11
DA:27,11
DA:30,1
DA:31,1
DA:32,0
DA:33,0
DA:35,0
DA:36,0
DA:37,0
DA:42,0
DA:45,1
DA:48,1
DA:49,1
DA:50,1
DA:51,1
DA:66,1
DA:67,1
DA:68,1
DA:70,1
DA:71,0
DA:72,0
DA:75,0
DA:78,1
DA:79,1
DA:83,0
DA:84,0
DA:87,0
DA:92,1
DA:93,0
DA:95,0
DA:96,0
DA:97,0
DA:99,0
DA:100,0
DA:101,0
DA:104,0
DA:107,1
DA:108,1
DA:109,1
DA:118,1
DA:121,0
DA:123,0
DA:126,0
DA:129,0
DA:131,0
DA:132,0
DA:133,0
DA:136,0
DA:137,0
DA:139,0
DA:143,0
DA:144,0
DA:148,0
DA:149,0
DA:150,0
DA:151,0
DA:153,0
DA:154,0
DA:158,0
DA:159,0
DA:160,0
DA:163,0
DA:166,0
DA:170,0
DA:173,0
DA:176,0
DA:177,0
DA:178,0
DA:179,0
DA:180,0
DA:182,0
DA:183,0
DA:189,0
DA:190,0
DA:194,0
DA:195,0
DA:196,0
DA:199,0
DA:200,0
DA:204,0
DA:205,0
DA:208,0
DA:211,1
DA:212,0
DA:215,1
DA:216,1
DA:217,1
DA:218,1
DA:219,1
DA:220,1
DA:222,1
DA:223,0
DA:227,1
DA:228,1
DA:236,1
DA:237,1
DA:238,1
DA:239,1
DA:240,1
DA:241,1
DA:242,1
DA:243,1
DA:244,1
DA:245,1
DA:246,1
DA:247,1
DA:248,1
DA:255,1
DA:256,1
DA:257,1
DA:261,1
DA:264,1
DA:265,0
DA:267,0
DA:268,0
DA:271,0
DA:273,0
DA:274,0
DA:277,0
DA:280,1
DA:281,0
DA:282,0
DA:286,1
DA:287,0
DA:288,0
DA:290,0
DA:291,0
DA:294,0
DA:295,0
DA:298,0
DA:301,1
DA:302,0
DA:303,0
DA:304,0
DA:307,1
DA:308,0
DA:310,0
DA:312,0
DA:313,0
DA:315,0
DA:318,0
DA:319,0
DA:320,0
DA:324,1
DA:325,0
DA:329,1
DA:330,0
DA:331,0
DA:332,0
DA:334,0
DA:335,0
DA:336,0
DA:339,0
DA:340,0
DA:345,1
DA:346,1
DA:347,0
DA:348,0
DA:351,0
DA:355,1
DA:358,0
DA:362,1
DA:371,1
DA:378,1
DA:379,1
DA:381,1
DA:382,0
DA:383,0
DA:392,1
DA:393,1
DA:394,1
DA:395,1
DA:396,1
DA:397,1
DA:398,1
DA:399,1
DA:400,1
DA:401,1
DA:402,1
DA:403,1
DA:404,1
DA:405,1
DA:406,1
DA:407,1
DA:408,1
DA:409,1
DA:410,1
DA:417,1
DA:418,1
DA:419,0
DA:423,1
DA:426,1
DA:427,0
DA:428,0
DA:429,0
DA:431,0
DA:432,0
DA:434,0
DA:435,0
DA:436,0
DA:437,0
DA:439,0
DA:441,0
DA:442,0
DA:447,0
DA:449,0
DA:450,0
DA:453,0
DA:456,0
DA:457,0
DA:461,0
DA:462,0
DA:463,0
DA:466,0
DA:467,0
DA:472,1
DA:473,0
DA:474,0
DA:478,1
DA:479,0
DA:480,0
DA:482,0
DA:483,0
DA:484,0
DA:487,0
DA:488,0
DA:493,1
DA:496,0
DA:500,1
DA:509,1
DA:510,0
DA:511,0
DA:513,0
DA:514,0
DA:517,0
DA:518,0
DA:520,0
DA:522,0
DA:523,0
DA:525,0
DA:528,0
DA:529,0
DA:533,0
DA:534,0
DA:536,1
DA:539,1
DA:541,1
DA:542,0
DA:543,0
DA:545,0
DA:546,0
DA:548,0
DA:553,1
DA:555,1
DA:556,0
DA:558,0
DA:559,0
DA:561,0
DA:571,1
DA:572,1
DA:574,1
DA:575,0
DA:576,0
DA:585,1
DA:586,1
DA:587,1
DA:588,1
DA:589,1
DA:590,1
DA:591,1
DA:593,1
DA:595,1
DA:597,1
DA:598,1
DA:606,1
DA:614,1
DA:615,1
DA:616,1
DA:617,1
DA:618,1
DA:619,1
DA:620,1
DA:621,1
DA:622,1
DA:623,1
DA:624,1
DA:625,1
DA:626,1
DA:627,1
DA:628,1
DA:629,1
DA:630,1
DA:631,1
DA:632,1
DA:633,1
DA:634,1
DA:635,1
DA:636,1
DA:637,1
DA:638,1
DA:639,1
DA:640,1
DA:641,1
DA:642,1
DA:643,1
DA:644,1
DA:645,1
DA:646,1
DA:647,1
DA:657,1
DA:658,1
DA:659,0
DA:660,0
DA:661,0
DA:662,0
DA:663,0
DA:664,0
DA:665,0
DA:666,0
DA:667,0
DA:668,0
DA:669,0
DA:670,0
DA:671,0
DA:673,0
DA:677,1
DA:680,1
DA:681,0
DA:682,0
DA:686,1
DA:689,0
DA:690,0
DA:694,1
DA:695,0
DA:696,0
DA:700,1
DA:701,0
DA:702,0
DA:705,0
DA:706,0
DA:707,0
DA:710,0
DA:711,0
DA:714,1
DA:715,0
DA:716,0
DA:719,0
DA:720,0
DA:721,0
DA:724,0
DA:725,0
DA:729,1
DA:730,0
DA:732,0
DA:734,0
DA:736,0
DA:737,0
DA:740,0
DA:741,0
DA:742,0
DA:744,0
DA:747,0
DA:748,0
DA:749,0
DA:750,0
DA:753,0
DA:755,0
DA:758,1
DA:759,0
DA:760,0
DA:761,0
DA:762,0
DA:763,0
DA:764,0
DA:765,0
DA:766,0
DA:767,0
DA:768,0
DA:772,1
DA:773,0
DA:774,0
DA:775,0
DA:778,1
DA:779,0
DA:781,0
DA:782,0
DA:785,0
DA:786,0
DA:788,0
DA:789,0
DA:793,0
DA:794,0
DA:798,1
DA:799,0
DA:801,0
DA:802,0
DA:803,0
DA:807,0
DA:808,0
DA:809,0
DA:811,0
DA:815,0
DA:816,0
DA:820,1
DA:821,0
DA:823,0
DA:824,0
DA:827,0
DA:828,0
DA:829,0
DA:830,0
DA:831,0
DA:835,0
DA:837,0
DA:838,0
DA:840,0
DA:844,0
DA:845,0
DA:846,0
DA:849,0
DA:851,0
DA:859,0
DA:861,0
DA:862,0
DA:865,0
DA:866,0
DA:871,0
DA:872,0
DA:875,0
DA:876,0
DA:877,0
DA:879,0
DA:880,0
DA:883,0
DA:885,0
DA:886,0
DA:888,0
DA:889,0
DA:891,0
DA:892,0
DA:897,1
DA:898,0
DA:899,0
DA:902,0
DA:904,0
DA:905,0
DA:906,0
DA:909,0
DA:910,0
DA:911,0
DA:915,1
DA:916,0
DA:917,0
DA:920,1
DA:921,0
DA:922,0
DA:924,0
DA:926,0
DA:927,0
DA:929,0
DA:930,0
DA:933,0
DA:934,0
DA:935,0
DA:938,1
DA:939,0
DA:941,0
DA:943,0
DA:949,0
DA:950,0
DA:953,1
DA:954,0
DA:955,0
DA:956,0
DA:958,0
DA:960,0
DA:961,0
DA:966,1
DA:967,0
DA:969,0
DA:971,0
DA:973,0
DA:975,0
DA:977,0
DA:978,0
DA:979,0
DA:980,0
DA:982,0
DA:983,0
DA:984,0
DA:985,0
DA:987,0
DA:988,0
DA:989,0
DA:992,0
DA:993,0
DA:994,0
DA:997,0
DA:999,0
DA:1000,0
DA:1003,0
DA:1005,0
DA:1008,0
DA:1010,0
DA:1011,0
DA:1014,0
DA:1016,0
DA:1023,0
DA:1024,0
DA:1025,0
DA:1026,0
DA:1027,0
DA:1028,0
DA:1030,0
DA:1031,0
DA:1032,0
DA:1034,0
DA:1037,0
DA:1038,0
DA:1039,0
DA:1040,0
DA:1041,0
DA:1042,0
DA:1043,0
DA:1047,0
DA:1048,0
DA:1049,0
DA:1050,0
DA:1053,0
DA:1054,0
DA:1059,1
DA:1060,0
DA:1061,0
DA:1063,0
DA:1065,0
DA:1066,0
DA:1069,0
DA:1071,0
DA:1072,0
DA:1073,0
DA:1076,0
DA:1077,0
DA:1078,0
DA:1079,0
DA:1080,0
DA:1083,0
DA:1084,0
DA:1085,0
DA:1086,0
DA:1091,1
DA:1092,0
DA:1094,0
DA:1095,0
DA:1098,0
DA:1100,0
DA:1101,0
DA:1104,0
DA:1106,0
DA:1108,0
DA:1109,0
DA:1112,0
DA:1114,0
DA:1115,0
DA:1118,0
DA:1121,1
DA:1124,0
DA:1129,0
DA:1133,1
DA:1142,1
DA:1143,1
DA:1144,1
DA:1146,1
DA:1147,0
DA:1149,0
DA:1158,1
DA:1159,1
DA:1161,1
DA:1162,0
DA:1163,0
DA:1172,1
DA:1173,1
DA:1174,1
DA:1175,1
DA:1176,1
DA:1177,1
DA:1178,1
DA:1182,1
DA:1186,1
DA:1187,1
DA:1188,1
DA:1189,1
DA:1190,1
DA:1191,1
DA:1192,1
DA:1193,1
DA:1194,1
DA:1195,1
DA:1196,1
DA:1197,1
DA:1198,1
DA:1205,1
DA:1206,1
DA:1207,0
DA:1208,0
DA:1209,0
DA:1210,0
DA:1211,0
DA:1213,0
DA:1214,0
DA:1215,0
DA:1216,0
DA:1217,0
DA:1220,0
DA:1221,0
DA:1223,0
DA:1227,0
DA:1229,0
DA:1230,0
DA:1233,0
DA:1234,0
DA:1239,1
DA:1242,1
DA:1243,0
DA:1244,0
DA:1246,0
DA:1250,1
DA:1251,0
DA:1253,0
DA:1254,0
DA:1257,0
DA:1258,0
DA:1260,0
DA:1261,0
DA:1262,0
DA:1263,0
DA:1266,0
DA:1269,0
DA:1270,0
DA:1274,0
DA:1275,0
DA:1277,0
DA:1278,0
DA:1282,0
DA:1283,0
DA:1285,0
DA:1286,0
DA:1289,0
DA:1290,0
DA:1292,0
DA:1293,0
DA:1297,0
DA:1299,0
DA:1300,0
DA:1302,0
DA:1303,0
DA:1306,0
DA:1308,0
DA:1309,0
DA:1310,0
DA:1312,0
DA:1314,0
DA:1317,0
DA:1318,0
DA:1319,0
DA:1320,0
DA:1321,0
DA:1324,1
DA:1325,0
DA:1327,0
DA:1328,0
DA:1331,0
DA:1332,0
DA:1334,0
DA:1335,0
DA:1338,0
DA:1340,0
DA:1341,0
DA:1342,0
DA:1343,0
DA:1345,0
DA:1346,0
DA:1347,0
DA:1348,0
DA:1350,0
DA:1351,0
DA:1353,0
DA:1354,0
DA:1360,0
DA:1362,0
DA:1363,0
DA:1365,0
DA:1368,0
DA:1369,0
DA:1370,0
DA:1373,1
DA:1374,0
DA:1377,1
DA:1378,0
DA:1379,0
DA:1380,0
DA:1381,0
DA:1382,0
DA:1383,0
DA:1387,1
DA:1388,0
DA:1389,0
DA:1391,0
DA:1392,0
DA:1395,1
DA:1396,0
DA:1397,0
DA:1400,1
DA:1401,0
DA:1403,0
DA:1405,0
DA:1406,0
DA:1408,0
DA:1409,0
DA:1412,0
DA:1415,0
DA:1416,0
DA:1417,0
DA:1418,0
DA:1420,0
DA:1423,1
DA:1424,0
DA:1426,0
DA:1427,0
DA:1432,1
DA:1433,0
DA:1434,0
DA:1437,1
DA:1438,0
DA:1439,0
DA:1440,0
DA:1442,0
DA:1444,0
DA:1445,0
DA:1448,0
DA:1449,0
DA:1450,0
DA:1453,0
DA:1454,0
DA:1455,0
DA:1458,0
DA:1463,1
DA:1466,0
DA:1471,0
DA:1475,1
DA:1484,1
DA:1486,0
DA:1487,0
DA:1490,0
DA:1491,0
DA:1492,0
DA:1493,0
DA:1494,0
DA:1495,0
DA:1496,0
DA:1498,0
DA:1507,1
DA:1508,1
DA:1510,1
DA:1511,0
DA:1512,0
DA:1539,1
DA:1541,1
DA:1542,1
DA:1543,1
DA:1544,3
DA:1545,0
DA:1548,1
DA:1551,1
DA:1552,0
DA:1553,0
DA:1554,0
DA:1555,0
DA:1557,0
DA:1558,0
DA:1559,0
DA:1560,0
DA:1565,1
DA:1566,0
DA:1567,0
DA:1568,0
DA:1569,0
DA:1570,0
DA:1571,0
DA:1572,0
DA:1578,1
DA:1589,1
DA:1598,1
DA:1599,0
DA:1600,0
DA:1610,1
DA:1611,0
DA:1612,0
DA:1615,0
DA:1616,0
DA:1617,0
DA:1627,1
DA:1628,0
DA:1629,0
DA:1631,0
DA:1641,1
DA:1643,0
DA:1644,0
DA:1647,0
DA:1650,0
DA:1652,0
DA:1657,0
DA:1662,0
DA:1663,0
DA:1666,0
DA:1676,1
DA:1677,0
DA:1680,1
DA:1681,1
DA:1690,1
DA:1691,0
DA:1692,0
DA:1694,0
DA:1695,0
DA:1697,0
DA:1707,1
DA:1708,0
DA:1709,0
DA:1712,0
DA:1715,0
DA:1717,0
DA:1718,0
DA:1721,0
DA:1723,0
DA:1724,0
DA:1729,0
DA:1730,0
DA:1733,0
DA:1736,1
DA:1737,0
DA:1739,0
DA:1740,0
DA:1742,0
DA:1752,1
DA:1753,0
DA:1754,0
DA:1757,0
DA:1768,1
DA:1770,0
DA:1771,0
DA:1775,0
DA:1776,0
DA:1777,0
DA:1780,0
DA:1781,0
DA:1782,0
DA:1783,0
DA:1787,0
DA:1788,0
DA:1789,0
DA:1792,0
DA:1796,0
DA:1797,0
DA:1798,0
DA:1800,0
DA:1812,1
DA:1813,0
DA:1815,0
DA:1816,0
DA:1818,0
DA:1819,0
DA:1820,0
DA:1821,0
DA:1824,0
DA:1836,1
DA:1837,0
DA:1839,0
DA:1840,0
DA:1841,0
DA:1842,0
DA:1843,0
DA:1844,0
DA:1845,0
DA:1846,0
DA:1859,1
DA:1860,0
DA:1861,0
DA:1863,0
DA:1866,1
DA:1867,0
DA:1870,1
DA:1871,0
DA:1872,0
DA:1873,0
DA:1875,0
DA:1881,1
DA:1882,0
DA:1883,0
DA:1887,1
DA:1888,1
DA:1889,1
DA:1890,4
DA:1891,4
DA:1892,4
DA:1893,4
DA:1894,4
DA:1898,1
DA:1899,1
DA:1900,1
DA:1901,1
DA:1909,1
DA:1910,0
DA:1911,0
DA:1918,0
DA:1921,0
DA:1924,1
DA:1925,0
DA:1926,0
DA:1928,0
DA:1929,0
DA:1930,0
DA:1935,0
DA:1945,1
DA:1946,0
DA:1959,1
DA:1960,0
DA:1965,0
DA:1966,0
DA:1967,0
DA:1968,0
DA:1969,0
DA:1970,0
DA:1971,0
DA:1972,0
DA:1973,0
DA:1975,0
DA:1979,0
DA:1987,0
DA:1988,0
DA:1989,0
DA:1991,0
DA:1992,0
DA:1996,0
DA:1997,0
DA:1998,0
DA:1999,0
DA:2001,0
DA:2002,0
DA:2005,0
DA:2008,1
DA:2009,0
DA:2011,0
DA:2012,0
DA:2013,0
DA:2014,0
DA:2015,0
DA:2017,0
DA:2018,0
DA:2019,0
DA:2022,0
DA:2023,0
DA:2024,0
DA:2026,0
DA:2032,0
DA:2033,0
DA:2039,0
DA:2040,0
DA:2041,0
DA:2043,0
DA:2044,0
DA:2045,0
DA:2046,0
DA:2049,0
DA:2050,0
DA:2053,0
DA:2054,0
DA:2057,0
DA:2060,1
DA:2061,0
DA:2063,0
DA:2064,0
DA:2065,0
DA:2066,0
DA:2068,0
DA:2069,0
DA:2071,0
DA:2078,0
DA:2089,1
DA:2090,0
DA:2091,0
DA:2092,0
DA:2094,0
DA:2095,0
DA:2097,0
DA:2098,0
DA:2099,0
DA:2101,0
DA:2112,1
DA:2114,0
DA:2115,0
DA:2117,0
DA:2118,0
DA:2119,0
DA:2121,0
DA:2135,1
DA:2136,0
DA:2140,0
DA:2141,0
DA:2144,0
DA:2145,0
DA:2148,0
DA:2149,0
DA:2150,0
DA:2151,0
DA:2152,0
DA:2154,0
DA:2155,0
DA:2157,0
DA:2160,0
DA:2163,0
DA:2164,0
DA:2168,0
DA:2169,0
DA:2170,0
DA:2171,0
DA:2174,0
DA:2179,0
DA:2180,0
DA:2181,0
DA:2182,0
DA:2183,0
DA:2184,0
DA:2186,0
DA:2189,1
DA:2190,0
DA:2193,0
DA:2205,1
DA:2206,0
DA:2208,0
DA:2209,0
DA:2212,0
DA:2214,0
DA:2233,0
DA:2234,0
DA:2240,0
DA:2243,0
DA:2244,0
DA:2246,0
DA:2249,0
DA:2251,0
DA:2253,0
DA:2266,1
DA:2267,0
DA:2269,0
DA:2270,0
DA:2280,1
DA:2281,0
DA:2282,0
DA:2283,0
DA:2284,0
DA:2285,0
DA:2289,0
DA:2299,1
DA:2300,0
DA:2301,0
DA:2302,0
DA:2316,1
DA:2317,0
DA:2320,0
DA:2323,0
DA:2329,0
DA:2330,0
DA:2331,0
DA:2332,0
DA:2333,0
DA:2335,0
DA:2336,0
DA:2337,0
DA:2339,0
DA:2342,0
DA:2354,1
DA:2356,0
DA:2357,0
DA:2361,0
DA:2373,1
DA:2375,0
DA:2376,0
DA:2377,0
DA:2382,0
DA:2383,0
DA:2385,0
DA:2398,1
DA:2399,0
DA:2401,0
DA:2402,0
DA:2404,0
DA:2406,0
DA:2407,0
DA:2411,0
DA:2412,0
DA:2414,0
DA:2418,0
DA:2428,1
DA:2430,0
DA:2431,0
DA:2434,0
DA:2444,0
DA:2449,0
DA:2452,0
DA:2454,0
DA:2457,0
DA:2459,0
DA:2462,0
DA:2466,0
DA:2467,0
DA:2468,0
DA:2470,0
DA:2480,1
DA:2481,0
DA:2482,0
DA:2484,0
DA:2495,1
DA:2496,0
DA:2497,0
DA:2499,0
DA:2500,0
DA:2501,0
DA:2502,0
DA:2503,0
DA:2506,0
DA:2514,1
DA:2515,0
DA:2518,0
DA:2519,0
DA:2520,0
DA:2521,0
DA:2522,0
DA:2523,0
DA:2524,0
DA:2525,0
DA:2526,0
DA:2529,0
DA:2533,0
DA:2534,0
DA:2536,0
DA:2544,1
DA:2545,0
DA:2546,0
DA:2549,1
DA:2550,0
DA:2551,0
DA:2552,0
DA:2554,0
DA:2555,0
DA:2557,0
DA:2566,1
DA:2568,0
DA:2569,0
DA:2572,0
DA:2573,0
DA:2574,0
DA:2575,0
DA:2577,0
DA:2586,1
DA:2587,0
DA:2588,0
DA:2598,1
DA:2600,0
DA:2603,0
DA:2604,0
DA:2608,0
DA:2609,0
DA:2610,0
DA:2611,0
DA:2612,0
DA:2622,1
DA:2623,0
DA:2624,0
DA:2625,0
DA:2636,1
DA:2637,0
DA:2648,1
DA:2649,0
DA:2650,0
DA:2652,0
DA:2653,0
DA:2655,0
DA:2667,1
DA:2668,0
DA:2669,0
DA:2670,0
DA:2671,0
DA:2673,0
DA:2687,1
DA:2692,0
DA:2696,0
DA:2699,0
DA:2700,0
DA:2703,0
DA:2716,1
DA:2718,0
DA:2723,0
DA:2725,0
DA:2729,0
DA:2731,0
DA:2753,1
DA:2754,0
DA:2757,0
DA:2760,0
DA:2761,0
DA:2764,0
DA:2765,0
DA:2767,0
DA:2768,0
DA:2769,0
DA:2770,0
DA:2772,0
DA:2773,0
DA:2775,0
DA:2783,1
DA:2792,1
DA:2793,0
DA:2795,0
DA:2799,0
DA:2800,0
DA:2802,0
DA:2803,0
DA:2805,0
DA:2807,0
DA:2808,0
DA:2811,0
DA:2815,0
DA:2817,0
DA:2818,0
DA:2823,0
DA:2834,0
DA:2836,0
DA:2839,0
DA:2840,0
DA:2842,0
DA:2845,0
DA:2847,0
DA:2848,0
DA:2849,0
DA:2851,0
DA:2854,0
DA:2856,0
DA:2857,0
DA:2858,0
DA:2859,0
DA:2860,0
DA:2863,0
DA:2864,0
DA:2865,0
DA:2866,0
DA:2867,0
DA:2871,0
DA:2876,0
DA:2877,0
DA:2878,0
DA:2880,0
DA:2893,1
DA:2894,0
DA:2895,0
DA:2896,0
DA:2899,0
DA:2900,0
DA:2903,0
DA:2904,0
DA:2905,0
DA:2906,0
DA:2908,0
DA:2918,1
DA:2919,0
DA:2922,0
DA:2923,0
DA:2926,0
DA:2929,0
DA:2930,0
DA:2933,0
DA:2934,0
DA:2939,0
DA:2940,0
DA:2941,0
DA:2945,0
DA:2946,0
DA:2950,0
DA:2952,0
DA:2953,0
DA:2954,0
DA:2955,0
DA:2956,0
DA:2957,0
DA:2965,0
DA:2966,0
DA:2969,0
DA:2970,0
DA:2972,0
DA:2975,0
DA:2979,0
DA:2980,0
DA:2981,0
DA:2982,0
DA:2985,0
DA:2987,0
DA:2988,0
DA:2990,0
DA:3000,1
DA:3001,0
DA:3002,0
DA:3003,0
DA:3004,0
DA:3006,0
DA:3040,1
DA:3043,1
DA:3055,1
DA:3056,0
DA:3058,0
DA:3059,0
DA:3060,0
DA:3063,1
DA:3076,1
DA:3078,0
DA:3079,0
DA:3082,0
DA:3084,0
DA:3087,0
DA:3089,0
DA:3090,0
DA:3091,0
DA:3093,0
DA:3095,0
DA:3097,0
DA:3098,0
DA:3100,0
DA:3101,0
DA:3103,0
DA:3104,0
DA:3106,0
DA:3109,0
DA:3110,0
DA:3111,0
DA:3114,0
DA:3115,0
DA:3117,0
DA:3118,0
DA:3121,0
DA:3122,0
DA:3124,0
DA:3125,0
DA:3126,0
DA:3127,0
DA:3129,0
DA:3132,0
DA:3135,0
DA:3138,0
DA:3140,0
DA:3142,0
DA:3144,0
DA:3146,0
DA:3147,0
DA:3150,0
DA:3151,0
DA:3154,0
DA:3158,0
DA:3160,0
DA:3163,0
DA:3173,1
DA:3174,0
DA:3178,0
DA:3179,0
DA:3180,0
DA:3181,0
DA:3182,0
DA:3183,0
DA:3185,0
DA:3186,0
DA:3188,0
DA:3189,0
DA:3192,0
DA:3207,1
DA:3209,0
DA:3210,0
DA:3211,0
DA:3214,0
DA:3215,0
DA:3218,0
DA:3219,0
DA:3220,0
DA:3222,0
DA:3223,0
DA:3227,0
DA:3230,0
DA:3231,0
DA:3232,0
DA:3234,0
DA:3235,0
DA:3236,0
DA:3238,0
DA:3240,0
DA:3244,0
DA:3259,1
DA:3260,0
DA:3265,0
DA:3269,0
DA:3270,0
DA:3275,0
DA:3276,0
DA:3279,0
DA:3280,0
DA:3285,0
DA:3286,0
DA:3289,0
DA:3291,0
DA:3292,0
DA:3293,0
DA:3297,0
DA:3298,0
DA:3299,0
DA:3300,0
DA:3301,0
DA:3302,0
DA:3303,0
DA:3304,0
DA:3306,0
DA:3311,0
DA:3316,0
DA:3317,0
DA:3318,0
DA:3319,0
DA:3323,0
DA:3335,1
DA:3336,0
DA:3337,0
DA:3342,0
DA:3344,0
DA:3345,0
DA:3346,0
DA:3348,0
DA:3351,0
DA:3352,0
DA:3353,0
DA:3354,0
DA:3355,0
DA:3356,0
DA:3357,0
DA:3358,0
DA:3359,0
DA:3360,0
DA:3361,0
DA:3362,0
DA:3365,0
DA:3366,0
DA:3376,1
DA:3377,0
DA:3382,0
DA:3383,0
DA:3389,0
DA:3390,0
DA:3391,0
DA:3395,0
DA:3396,0
DA:3397,0
DA:3399,0
DA:3403,0
DA:3404,0
DA:3405,0
DA:3407,0
DA:3409,0
DA:3410,0
DA:3412,0
DA:3414,0
DA:3415,0
DA:3416,0
DA:3418,0
DA:3421,0
DA:3422,0
DA:3423,0
DA:3424,0
DA:3426,0
DA:3430,0
DA:3431,0
DA:3432,0
DA:3435,0
DA:3437,0
DA:3447,1
DA:3448,0
DA:3449,0
DA:3450,0
DA:3453,0
DA:3454,0
DA:3458,0
DA:3459,0
DA:3460,0
DA:3462,0
DA:3467,0
DA:3470,0
DA:3480,1
DA:3481,0
DA:3482,0
DA:3485,0
DA:3486,0
DA:3487,0
DA:3490,0
DA:3492,0
DA:3493,0
DA:3496,0
DA:3497,0
DA:3500,0
DA:3501,0
DA:3504,0
DA:3505,0
DA:3508,0
DA:3518,1
DA:3519,0
DA:3520,0
DA:3521,0
DA:3525,0
DA:3527,0
DA:3529,0
DA:3531,0
DA:3532,0
DA:3534,0
DA:3558,1
DA:3912,1
DA:3976,1
DA:3985,1
DA:3986,0
DA:3988,0
DA:3989,0
DA:3991,0
DA:3992,0
DA:3996,0
DA:3999,0
DA:4002,0
DA:4009,0
DA:4010,0
DA:4013,0
DA:4014,0
DA:4015,0
DA:4019,0
DA:4020,0
DA:4026,0
DA:4033,0
DA:4034,0
DA:4035,0
DA:4040,0
DA:4042,0
DA:4043,0
DA:4045,0
DA:4048,0
DA:4055,1
DA:4058,0
DA:4063,0
DA:4068,0
DA:4073,0
DA:4101,1
DA:4125,1
DA:4126,1
DA:4127,1
DA:4135,1
DA:4136,1
DA:4137,1
DA:4138,1
DA:4139,1
DA:4140,1
DA:4141,1
DA:4143,1
DA:4145,1
DA:4147,1
DA:4149,1
DA:4151,1
DA:4153,1
DA:4154,1
DA:4155,1
DA:4156,1
DA:4157,1
DA:4158,1
DA:4159,1
DA:4160,1
DA:4161,1
DA:4162,1
DA:4163,1
DA:4164,1
DA:4165,1
DA:4166,1
DA:4167,1
DA:4168,1
DA:4169,1
DA:4170,1
DA:4171,1
DA:4172,1
DA:4173,1
DA:4174,1
DA:4175,1
DA:4176,1
DA:4177,1
DA:4178,1
DA:4179,1
DA:4180,1
DA:4188,1
DA:4202,1
DA:4203,1
DA:4204,0
DA:4205,0
DA:4206,0
DA:4207,0
DA:4208,0
DA:4210,0
DA:4214,1
DA:4217,1
DA:4218,0
DA:4219,0
DA:4222,0
DA:4224,0
DA:4226,0
DA:4227,0
DA:4230,0
DA:4233,1
DA:4234,0
DA:4235,0
DA:4238,0
DA:4239,0
DA:4242,0
DA:4245,0
DA:4247,0
DA:4249,0
DA:4251,0
DA:4252,0
DA:4256,0
DA:4261,0
DA:4262,0
DA:4265,0
DA:4267,0
DA:4268,0
DA:4269,0
DA:4270,0
DA:4272,0
DA:4273,0
DA:4280,0
DA:4281,0
DA:4284,0
DA:4291,0
DA:4292,0
DA:4295,0
DA:4297,0
DA:4299,0
DA:4300,0
DA:4303,1
DA:4304,0
DA:4305,0
DA:4308,0
DA:4311,0
DA:4313,0
DA:4315,0
DA:4317,0
DA:4318,0
DA:4321,0
DA:4322,0
DA:4325,0
DA:4326,0
DA:4329,1
DA:4330,0
DA:4331,0
DA:4332,0
DA:4333,0
DA:4335,0
DA:4336,0
DA:4338,0
DA:4342,1
DA:4343,0
DA:4345,0
DA:4346,0
DA:4351,1
DA:4352,0
DA:4354,0
DA:4355,0
DA:4356,0
DA:4358,0
DA:4362,1
DA:4363,0
DA:4364,0
DA:4365,0
DA:4368,1
DA:4369,0
DA:4370,0
DA:4372,0
DA:4373,0
DA:4377,0
DA:4380,1
DA:4381,0
DA:4382,0
DA:4384,0
DA:4385,0
DA:4386,0
DA:4387,0
DA:4388,0
DA:4389,0
DA:4390,0
DA:4391,0
DA:4394,0
DA:4397,1
DA:4398,0
DA:4401,1
DA:4402,0
DA:4404,0
DA:4406,0
DA:4407,0
DA:4408,0
DA:4409,0
DA:4412,0
DA:4415,0
DA:4418,1
DA:4419,0
DA:4432,0
DA:4433,0
DA:4438,0
DA:4442,1
DA:4443,0
DA:4444,0
DA:4446,0
DA:4448,0
DA:4449,0
DA:4450,0
DA:4453,0
DA:4454,0
DA:4455,0
DA:4458,0
DA:4463,1
DA:4464,0
DA:4465,0
DA:4468,0
DA:4470,0
DA:4471,0
DA:4473,0
DA:4474,0
DA:4478,0
DA:4479,0
DA:4482,0
DA:4483,0
DA:4486,0
DA:4488,0
DA:4489,0
DA:4492,0
DA:4493,0
DA:4496,0
DA:4497,0
DA:4499,0
DA:4500,0
DA:4505,0
DA:4506,0
DA:4509,0
DA:4511,0
DA:4512,0
DA:4515,0
DA:4516,0
DA:4520,1
DA:4521,0
DA:4522,0
DA:4524,0
DA:4525,0
DA:4528,0
DA:4532,1
DA:4540,0
DA:4541,0
DA:4544,0
DA:4545,0
DA:4548,0
DA:4550,0
DA:4552,0
DA:4553,0
DA:4556,0
DA:4557,0
DA:4559,0
DA:4560,0
DA:4561,0
DA:4564,0
DA:4565,0
DA:4568,0
DA:4569,0
DA:4572,0
DA:4573,0
DA:4576,0
DA:4578,0
DA:4580,0
DA:4583,0
DA:4585,0
DA:4588,0
DA:4589,0
DA:4592,0
DA:4595,1
DA:4598,0
DA:4603,0
DA:4608,0
DA:4612,1
DA:4621,1
DA:4622,0
DA:4623,0
DA:4625,0
DA:4627,0
DA:4635,1
DA:4636,1
DA:4638,1
DA:4639,0
DA:4640,0
DA:4649,1
DA:4650,1
DA:4651,1
DA:4652,1
DA:4653,1
DA:4654,1
DA:4655,1
DA:4657,1
DA:4663,1
DA:4669,1
DA:4670,1
DA:4671,1
DA:4672,1
DA:4673,1
DA:4674,1
DA:4675,1
DA:4676,1
DA:4677,1
DA:4678,1
DA:4679,1
DA:4680,1
DA:4681,1
DA:4682,1
DA:4683,1
DA:4684,1
DA:4685,1
DA:4686,1
DA:4687,1
DA:4688,1
DA:4689,1
DA:4690,1
DA:4691,1
DA:4692,1
DA:4693,1
DA:4700,1
DA:4701,1
DA:4702,0
DA:4703,0
DA:4704,0
DA:4705,0
DA:4706,0
DA:4707,0
DA:4708,0
DA:4709,0
DA:4710,0
DA:4714,1
DA:4717,1
DA:4718,0
DA:4721,1
DA:4722,0
DA:4724,0
DA:4725,0
DA:4728,0
DA:4729,0
DA:4732,0
DA:4735,0
DA:4737,0
DA:4738,0
DA:4741,0
DA:4743,0
DA:4745,0
DA:4747,0
DA:4749,0
DA:4751,0
DA:4753,0
DA:4754,0
DA:4756,0
DA:4757,0
DA:4758,0
DA:4759,0
DA:4764,0
DA:4765,0
DA:4769,1
DA:4770,0
DA:4772,0
DA:4773,0
DA:4776,0
DA:4777,0
DA:4780,0
DA:4781,0
DA:4783,0
DA:4784,0
DA:4787,0
DA:4788,0
DA:4790,0
DA:4791,0
DA:4794,0
DA:4796,0
DA:4798,0
DA:4799,0
DA:4800,0
DA:4801,0
DA:4803,0
DA:4804,0
DA:4805,0
DA:4806,0
DA:4809,0
DA:4813,1
DA:4814,0
DA:4815,0
DA:4823,0
DA:4824,0
DA:4825,0
DA:4826,0
DA:4827,0
DA:4828,0
DA:4829,0
DA:4830,0
DA:4831,0
DA:4832,0
DA:4833,0
DA:4836,1
DA:4837,0
DA:4841,1
DA:4842,0
DA:4843,0
DA:4844,0
DA:4847,1
DA:4848,0
DA:4850,0
DA:4851,0
DA:4852,0
DA:4854,0
DA:4855,0
DA:4858,0
DA:4860,0
DA:4861,0
DA:4864,0
DA:4866,0
DA:4867,0
DA:4868,0
DA:4869,0
DA:4871,0
DA:4872,0
DA:4873,0
DA:4878,0
DA:4880,0
DA:4884,1
DA:4885,0
DA:4887,0
DA:4888,0
DA:4890,0
DA:4892,0
DA:4895,0
DA:4897,0
DA:4899,0
DA:4901,0
DA:4903,0
DA:4904,0
DA:4906,0
DA:4909,0
DA:4910,0
DA:4913,0
DA:4915,0
DA:4916,0
DA:4919,0
DA:4923,0
DA:4924,0
DA:4925,0
DA:4928,0
DA:4929,0
DA:4932,0
DA:4933,0
DA:4934,0
DA:4936,0
DA:4940,1
DA:4941,0
DA:4943,0
DA:4945,0
DA:4946,0
DA:4951,1
DA:4952,0
DA:4954,0
DA:4955,0
DA:4956,0
DA:4957,0
DA:4959,0
DA:4960,0
DA:4961,0
DA:4964,0
DA:4965,0
DA:4969,1
DA:4970,0
DA:4972,0
DA:4973,0
DA:4974,0
DA:4977,0
DA:4981,1
DA:4982,0
DA:4984,0
DA:4986,0
DA:4988,0
DA:4990,0
DA:4992,0
DA:4994,0
DA:4995,0
DA:4997,0
DA:4999,0
DA:5001,0
DA:5005,1
DA:5006,0
DA:5007,0
DA:5008,0
DA:5012,1
DA:5013,0
DA:5015,0
DA:5017,0
DA:5018,0
DA:5019,0
DA:5021,0
DA:5022,0
DA:5025,0
DA:5026,0
DA:5027,0
DA:5028,0
DA:5029,0
DA:5032,0
DA:5033,0
DA:5036,0
DA:5039,0
DA:5040,0
DA:5043,0
DA:5045,0
DA:5046,0
DA:5049,0
DA:5050,0
DA:5051,0
DA:5054,0
DA:5055,0
DA:5056,0
DA:5057,0
DA:5059,0
DA:5060,0
DA:5062,0
DA:5063,0
DA:5067,0
DA:5068,0
DA:5070,0
DA:5072,0
DA:5074,0
DA:5075,0
DA:5083,1
DA:5084,0
DA:5086,0
DA:5087,0
DA:5090,0
DA:5091,0
DA:5095,1
DA:5096,0
DA:5097,0
DA:5100,1
DA:5101,0
DA:5102,0
DA:5103,0
DA:5106,1
DA:5107,0
DA:5109,0
DA:5112,0
DA:5113,0
DA:5115,0
DA:5116,0
DA:5117,0
DA:5118,0
DA:5121,0
DA:5122,0
DA:5123,0
DA:5124,0
DA:5127,0
DA:5128,0
DA:5129,0
DA:5132,0
DA:5135,1
DA:5137,0
DA:5138,0
DA:5139,0
DA:5140,0
DA:5141,0
DA:5144,0
DA:5145,0
DA:5146,0
DA:5148,0
DA:5149,0
DA:5153,0
DA:5154,0
DA:5155,0
DA:5158,1
DA:5160,0
DA:5161,0
DA:5162,0
DA:5163,0
DA:5164,0
DA:5165,0
DA:5169,1
DA:5170,0
DA:5171,0
DA:5173,0
DA:5175,0
DA:5176,0
DA:5177,0
DA:5180,0
DA:5181,0
DA:5182,0
DA:5185,0
DA:5186,0
DA:5187,0
DA:5192,1
DA:5195,0
DA:5200,0
DA:5204,1
DA:5213,1
DA:5214,0
DA:5216,0
DA:5217,0
DA:5219,0
DA:5220,0
DA:5223,0
DA:5225,0
DA:5226,0
DA:5229,0
DA:5230,0
DA:5232,0
DA:5235,0
DA:5236,0
DA:5237,0
DA:5242,0
DA:5250,1
DA:5251,1
DA:5253,1
DA:5254,0
DA:5255,0
DA:5264,1
DA:5265,1
DA:5266,1
DA:5305,1
DA:5312,1
DA:5314,1
DA:5315,0
DA:5317,0
DA:5318,0
DA:5319,0
DA:5322,0
DA:5325,0
DA:5326,0
DA:5329,0
DA:5330,0
DA:5331,0
DA:5335,0
DA:5338,1
DA:5339,0
DA:5340,0
DA:5343,0
DA:5344,0
DA:5347,0
DA:5348,0
DA:5349,0
DA:5350,0
DA:5352,0
DA:5353,0
DA:5354,0
DA:5356,0
DA:5357,0
DA:5358,0
DA:5361,0
DA:5362,0
DA:5363,0
DA:5364,0
DA:5365,0
DA:5370,0
DA:5371,0
DA:5373,0
DA:5376,0
DA:5385,1
DA:5386,1
DA:5387,1
DA:5388,1
DA:5389,1
DA:5390,1
DA:5391,1
DA:5392,1
DA:5393,1
DA:5411,1
DA:5418,1
DA:5436,1
DA:5437,1
DA:5438,1
DA:5450,1
DA:5451,1
DA:5452,1
DA:5453,1
DA:5454,1
DA:5455,1
DA:5456,1
DA:5457,1
DA:5464,1
DA:5465,1
DA:5466,0
DA:5467,0
DA:5471,0
DA:5472,0
DA:5473,0
DA:5474,0
DA:5475,0
DA:5477,0
DA:5478,0
DA:5479,0
DA:5481,0
DA:5485,1
DA:5488,1
DA:5489,0
DA:5492,1
DA:5493,0
DA:5496,1
DA:5497,0
DA:5500,1
DA:5501,0
DA:5502,0
DA:5505,0
DA:5506,0
DA:5507,0
DA:5509,0
DA:5510,0
DA:5511,0
DA:5514,0
DA:5516,0
DA:5517,0
DA:5519,0
DA:5522,0
DA:5523,0
DA:5525,0
DA:5528,0
DA:5532,1
DA:5533,0
DA:5534,0
DA:5535,0
DA:5536,0
DA:5538,0
DA:5539,0
DA:5542,0
DA:5543,0
DA:5544,0
DA:5545,0
DA:5547,0
DA:5548,0
DA:5551,0
DA:5552,0
DA:5553,0
DA:5554,0
DA:5557,1
DA:5558,0
DA:5560,0
DA:5561,0
DA:5564,0
DA:5566,0
DA:5567,0
DA:5568,0
DA:5569,0
DA:5571,0
DA:5572,0
DA:5575,0
DA:5576,0
DA:5577,0
DA:5578,0
DA:5579,0
DA:5581,0
DA:5582,0
DA:5585,0
DA:5587,0
DA:5589,0
DA:5591,0
DA:5593,0
DA:5595,0
DA:5596,0
DA:5599,0
DA:5600,0
DA:5601,0
DA:5606,0
DA:5607,0
DA:5610,0
DA:5611,0
DA:5612,0
DA:5615,0
DA:5616,0
DA:5617,0
DA:5619,0
DA:5620,0
DA:5624,0
DA:5625,0
DA:5626,0
DA:5628,0
DA:5633,1
DA:5634,0
DA:5636,0
DA:5637,0
DA:5639,0
DA:5640,0
DA:5641,0
DA:5644,0
DA:5646,0
DA:5648,0
DA:5650,0
DA:5651,0
DA:5654,0
DA:5655,0
DA:5659,0
DA:5661,0
DA:5662,0
DA:5665,0
DA:5668,0
DA:5669,0
DA:5672,0
DA:5673,0
DA:5674,0
DA:5676,0
DA:5677,0
DA:5678,0
DA:5680,0
DA:5683,0
DA:5686,1
DA:5687,0
DA:5688,0
DA:5693,1
DA:5694,0
DA:5697,1
DA:5698,0
DA:5701,1
DA:5702,0
DA:5703,0
DA:5706,1
DA:5707,0
DA:5708,0
DA:5709,0
DA:5712,1
DA:5713,0
DA:5715,0
DA:5716,0
DA:5717,0
DA:5720,0
DA:5723,0
DA:5726,0
DA:5727,0
DA:5728,0
DA:5731,0
DA:5733,0
DA:5737,1
DA:5738,0
DA:5740,0
DA:5741,0
DA:5744,0
DA:5748,1
DA:5749,0
DA:5751,0
DA:5766,0
DA:5767,0
DA:5771,0
DA:5774,0
DA:5777,1
DA:5778,0
DA:5780,0
DA:5782,0
DA:5783,0
DA:5784,0
DA:5785,0
DA:5788,0
DA:5791,0
DA:5794,1
DA:5795,0
DA:5796,0
DA:5799,0
DA:5800,0
DA:5803,0
DA:5806,1
DA:5807,0
DA:5810,1
DA:5811,0
DA:5813,0
DA:5814,0
DA:5815,0
DA:5816,0
DA:5817,0
DA:5819,0
DA:5820,0
DA:5821,0
DA:5822,0
DA:5823,0
DA:5825,0
DA:5830,0
DA:5831,0
DA:5832,0
DA:5836,0
DA:5838,0
DA:5839,0
DA:5844,0
DA:5848,1
DA:5849,0
DA:5851,0
DA:5852,0
DA:5853,0
DA:5857,1
DA:5858,0
DA:5859,0
DA:5861,0
DA:5862,0
DA:5863,0
DA:5866,0
DA:5867,0
DA:5870,0
DA:5871,0
DA:5872,0
DA:5875,0
DA:5876,0
DA:5878,0
DA:5879,0
DA:5880,0
DA:5883,0
DA:5884,0
DA:5885,0
DA:5890,1
DA:5891,0
DA:5892,0
DA:5894,0
DA:5895,0
DA:5896,0
DA:5899,0
DA:5900,0
DA:5903,0
DA:5904,0
DA:5907,0
DA:5908,0
DA:5910,0
DA:5911,0
DA:5912,0
DA:5915,0
DA:5916,0
DA:5917,0
DA:5922,1
DA:5923,0
DA:5924,0
DA:5925,0
DA:5929,0
DA:5932,1
DA:5933,0
DA:5934,0
DA:5935,0
DA:5936,0
DA:5939,0
DA:5941,0
DA:5942,0
DA:5948,0
DA:5949,0
DA:5952,0
DA:5953,0
DA:5956,0
DA:5958,0
DA:5959,0
DA:5962,0
DA:5965,1
DA:5966,0
DA:5968,0
DA:5969,0
DA:5970,0
DA:5971,0
DA:5976,0
DA:5979,1
DA:5980,0
DA:5981,0
DA:5983,0
DA:5984,0
DA:5988,1
DA:5989,0
DA:5991,0
DA:5993,0
DA:5996,1
DA:5997,0
DA:5998,0
DA:6000,0
DA:6001,0
DA:6004,0
DA:6005,0
DA:6006,0
DA:6007,0
DA:6008,0
DA:6012,1
DA:6013,0
DA:6014,0
DA:6016,0
DA:6018,0
DA:6019,0
DA:6022,0
DA:6023,0
DA:6024,0
DA:6027,0
DA:6028,0
DA:6029,0
DA:6032,0
DA:6037,1
DA:6040,0
DA:6045,1
DA:6050,0
DA:6055,0
DA:6060,0
DA:6065,0
DA:6070,1
DA:6074,1
DA:6083,1
DA:6084,1
DA:6086,1
DA:6087,0
DA:6088,0
DA:6097,1
DA:6098,1
DA:6099,1
DA:6100,1
DA:6101,1
DA:6102,1
DA:6103,1
DA:6105,1
DA:6112,1
DA:6116,1
DA:6117,1
DA:6118,1
DA:6119,1
DA:6120,1
DA:6138,1
DA:6139,1
DA:6141,1
DA:6142,0
DA:6145,1
DA:6148,1
DA:6149,0
DA:6152,1
DA:6153,0
DA:6156,1
DA:6157,0
DA:6158,0
DA:6161,1
DA:6162,0
DA:6164,0
DA:6166,0
DA:6168,0
DA:6169,0
DA:6172,0
DA:6173,0
DA:6177,1
DA:6178,0
DA:6181,1
DA:6182,0
DA:6183,0
DA:6185,0
DA:6186,0
DA:6191,1
DA:6192,0
DA:6193,0
DA:6195,0
DA:6197,0
DA:6198,0
DA:6201,0
DA:6202,0
DA:6203,0
DA:6206,0
DA:6207,0
DA:6208,0
DA:6211,0
DA:6216,1
DA:6220,0
DA:6225,0
DA:6230,0
DA:6235,0
DA:6240,0
DA:6245,0
DA:6250,0
DA:6254,1
DA:6263,1
DA:6264,1
DA:6266,1
DA:6267,0
DA:6268,0
DA:6277,1
DA:6278,1
DA:6279,1
DA:6280,1
DA:6281,1
DA:6282,1
DA:6283,1
DA:6288,1
DA:6293,1
DA:6294,1
DA:6295,1
DA:6296,1
DA:6297,1
DA:6298,1
DA:6299,1
DA:6300,1
DA:6301,1
DA:6302,1
DA:6303,1
DA:6304,1
DA:6305,1
DA:6306,1
DA:6307,1
DA:6314,1
DA:6315,1
DA:6316,0
DA:6318,0
DA:6319,0
DA:6320,0
DA:6321,0
DA:6322,0
DA:6323,0
DA:6324,0
DA:6325,0
DA:6326,0
DA:6327,0
DA:6329,0
DA:6331,0
DA:6335,1
DA:6338,1
DA:6339,0
DA:6341,0
DA:6342,0
DA:6343,0
DA:6344,0
DA:6345,0
DA:6346,0
DA:6347,0
DA:6348,0
DA:6349,0
DA:6350,0
DA:6352,0
DA:6353,0
DA:6356,0
DA:6357,0
DA:6359,0
DA:6361,0
DA:6365,0
DA:6367,0
DA:6369,0
DA:6371,0
DA:6373,0
DA:6377,1
DA:6378,0
DA:6379,0
DA:6380,0
DA:6381,0
DA:6382,0
DA:6383,0
DA:6384,0
DA:6385,0
DA:6386,0
DA:6387,0
DA:6391,1
DA:6392,0
DA:6394,0
DA:6395,0
DA:6397,0
DA:6398,0
DA:6399,0
DA:6402,0
DA:6405,0
DA:6406,0
DA:6409,1
DA:6410,0
DA:6413,1
DA:6414,0
DA:6417,1
DA:6418,0
DA:6421,1
DA:6422,0
DA:6424,0
DA:6426,0
DA:6428,0
DA:6429,0
DA:6432,0
DA:6433,0
DA:6435,0
DA:6436,0
DA:6439,0
DA:6442,0
DA:6443,0
DA:6445,0
DA:6447,0
DA:6450,0
DA:6451,0
DA:6453,0
DA:6454,0
DA:6459,1
DA:6460,0
DA:6462,0
DA:6464,0
DA:6465,0
DA:6468,0
DA:6470,0
DA:6471,0
DA:6472,0
DA:6475,0
DA:6478,0
DA:6480,0
DA:6483,0
DA:6488,1
DA:6489,0
DA:6490,0
DA:6492,0
DA:6497,1
DA:6498,0
DA:6499,0
DA:6501,0
DA:6503,0
DA:6504,0
DA:6505,0
DA:6508,0
DA:6509,0
DA:6510,0
DA:6513,0
DA:6518,1
DA:6521,0
DA:6526,0
DA:6530,1
DA:6539,1
DA:6540,1
DA:6541,1
DA:6543,1
DA:6544,0
DA:6546,0
DA:6555,1
DA:6556,1
DA:6558,1
DA:6559,0
DA:6560,0
DA:6569,1
DA:6570,1
DA:6571,1
DA:6572,1
DA:6573,1
DA:6574,1
DA:6575,1
DA:6576,1
DA:6577,1
DA:6578,1
DA:6579,1
DA:6580,1
DA:6581,1
DA:6582,1
DA:6583,1
DA:6584,1
DA:6585,1
DA:6586,1
DA:6587,1
DA:6588,1
DA:6589,1
DA:6590,1
DA:6591,1
DA:6598,1
DA:6599,1
DA:6600,0
DA:6604,1
DA:6607,1
DA:6608,0
DA:6610,0
DA:6611,0
DA:6614,0
DA:6615,0
DA:6616,0
DA:6617,0
DA:6619,0
DA:6620,0
DA:6621,0
DA:6622,0
DA:6625,0
DA:6628,0
DA:6632,0
DA:6633,0
DA:6636,0
DA:6638,0
DA:6639,0
DA:6642,0
DA:6643,0
DA:6646,0
DA:6648,0
DA:6649,0
DA:6652,0
DA:6655,0
DA:6656,0
DA:6659,0
DA:6660,0
DA:6662,0
DA:6666,1
DA:6667,0
DA:6668,0
DA:6672,1
DA:6673,0
DA:6675,0
DA:6676,0
DA:6677,0
DA:6679,0
DA:6680,0
DA:6683,0
DA:6684,0
DA:6685,0
DA:6687,0
DA:6691,1
DA:6692,0
DA:6693,0
DA:6694,0
DA:6696,0
DA:6697,0
DA:6700,0
DA:6701,0
DA:6705,0
DA:6707,0
DA:6708,0
DA:6711,0
DA:6713,0
DA:6714,0
DA:6717,0
DA:6718,0
DA:6720,0
DA:6721,0
DA:6722,0
DA:6725,0
DA:6728,0
DA:6729,0
DA:6734,1
DA:6735,0
DA:6736,0
DA:6737,0
DA:6739,0
DA:6740,0
DA:6741,0
DA:6744,0
DA:6745,0
DA:6746,0
DA:6749,0
DA:6754,1
DA:6757,0
DA:6761,1
DA:6770,1
DA:6771,0
DA:6773,0
DA:6781,1
DA:6782,1
DA:6784,1
DA:6785,0
DA:6786,0
DA:6795,1
DA:6796,1
DA:6797,1
DA:6798,1
DA:6799,1
DA:6800,1
DA:6801,1
DA:6802,1
DA:6803,1
DA:6804,1
DA:6805,1
DA:6806,1
DA:6807,1
DA:6808,1
DA:6809,1
DA:6814,1
DA:6819,1
DA:6826,1
DA:6827,1
DA:6828,0
DA:6829,0
DA:6830,0
DA:6832,0
DA:6836,1
DA:6839,1
DA:6840,0
DA:6842,0
DA:6843,0
DA:6845,0
DA:6846,0
DA:6849,0
DA:6851,0
DA:6852,0
DA:6855,0
DA:6856,0
DA:6858,0
DA:6860,0
DA:6862,0
DA:6863,0
DA:6864,0
DA:6869,0
DA:6871,0
DA:6873,0
DA:6875,0
DA:6876,0
DA:6877,0
DA:6879,0
DA:6883,1
DA:6884,0
DA:6885,0
DA:6888,0
DA:6889,0
DA:6891,0
DA:6892,0
DA:6895,0
DA:6898,1
DA:6899,0
DA:6901,0
DA:6902,0
DA:6905,0
DA:6906,0
DA:6907,0
DA:6908,0
DA:6912,1
DA:6913,0
DA:6914,0
DA:6915,0
DA:6918,1
DA:6919,0
DA:6921,0
DA:6922,0
DA:6926,1
DA:6927,0
DA:6929,0
DA:6930,0
DA:6932,0
DA:6935,0
DA:6937,0
DA:6938,0
DA:6939,0
DA:6941,0
DA:6945,1
DA:6946,0
DA:6947,0
DA:6951,1
DA:6952,0
DA:6953,0
DA:6954,0
DA:6956,0
DA:6958,0
DA:6959,0
DA:6960,0
DA:6963,0
DA:6964,0
DA:6965,0
DA:6968,0
DA:6973,1
DA:6976,0
DA:6981,0
DA:6986,0
DA:6990,1
DA:6999,1
DA:7000,1
DA:7002,1
DA:7003,0
DA:7004,0
DA:7007,1
DA:7008,1
DA:7009,1
DA:7010,1
DA:7011,1
DA:7012,1
DA:7013,1
DA:7014,1
DA:7015,1
DA:7016,1
DA:7017,1
DA:7018,1
DA:7020,1
LF:2977
LH:685
BRDA:7,1,0,0
BRDA:7,1,1,1
BRDA:7,2,0,1
BRDA:7,2,1,0
BRDA:8,3,0,0
BRDA:8,3,1,1
BRDA:8,4,0,1
BRDA:8,4,1,0
BRDA:9,5,0,1
BRDA:9,5,1,0
BRDA:9,6,0,0
BRDA:9,6,1,0
BRDA:12,7,0,0
BRDA:12,7,1,1
BRDA:12,8,0,1
BRDA:12,8,1,1
BRDA:17,9,0,31
BRDA:17,9,1,31
BRDA:19,10,0,0
BRDA:19,10,1,31
BRDA:25,11,0,0
BRDA:25,11,1,11
BRDA:26,12,0,11
BRDA:26,12,1,0
BRDA:31,13,0,1
BRDA:31,13,1,0
BRDA:36,14,0,0
BRDA:36,14,1,0
BRDA:71,15,0,0
BRDA:71,15,1,0
BRDA:71,16,0,0
BRDA:71,16,1,0
BRDA:83,17,0,0
BRDA:83,17,1,0
BRDA:100,18,0,0
BRDA:100,18,1,0
BRDA:131,19,0,0
BRDA:131,19,1,0
BRDA:131,20,0,0
BRDA:131,20,1,0
BRDA:133,21,0,0
BRDA:133,21,1,0
BRDA:133,22,0,0
BRDA:133,22,1,0
BRDA:137,23,0,0
BRDA:137,23,1,0
BRDA:143,24,0,0
BRDA:143,24,1,0
BRDA:153,25,0,0
BRDA:153,25,1,0
BRDA:153,26,0,0
BRDA:153,26,1,0
BRDA:173,27,0,0
BRDA:173,27,1,0
BRDA:177,28,0,0
BRDA:177,28,1,0
BRDA:180,29,0,0
BRDA:180,29,1,0
BRDA:180,30,0,0
BRDA:180,30,1,0
BRDA:182,31,0,0
BRDA:182,31,1,0
BRDA:189,32,0,0
BRDA:189,32,1,0
BRDA:194,33,0,0
BRDA:194,33,1,0
BRDA:196,34,0,0
BRDA:196,34,1,0
BRDA:199,35,0,0
BRDA:199,35,1,0
BRDA:204,36,0,0
BRDA:204,36,1,0
BRDA:211,37,0,0
BRDA:211,37,1,1
BRDA:222,38,0,0
BRDA:222,38,1,1
BRDA:222,39,0,1
BRDA:222,39,1,0
BRDA:222,39,2,1
BRDA:222,39,3,0
BRDA:222,39,4,0
BRDA:222,39,5,1
BRDA:267,40,0,0
BRDA:267,40,1,0
BRDA:273,41,0,0
BRDA:273,41,1,0
BRDA:290,42,0,0
BRDA:290,42,1,0
BRDA:294,43,0,0
BRDA:294,43,1,0
BRDA:312,44,0,0
BRDA:312,44,1,0
BRDA:334,45,0,0
BRDA:334,45,1,0
BRDA:339,46,0,0
BRDA:339,46,1,0
BRDA:347,47,0,0
BRDA:347,47,1,0
BRDA:431,48,0,0
BRDA:431,48,1,0
BRDA:434,49,0,0
BRDA:434,49,1,0
BRDA:435,50,0,0
BRDA:435,50,1,0
BRDA:436,51,0,0
BRDA:436,51,1,0
BRDA:436,52,0,0
BRDA:436,52,1,0
BRDA:441,53,0,0
BRDA:441,53,1,0
BRDA:447,54,0,0
BRDA:447,54,1,0
BRDA:449,55,0,0
BRDA:449,55,1,0
BRDA:449,56,0,0
BRDA:449,56,1,0
BRDA:461,57,0,0
BRDA:461,57,1,0
BRDA:461,58,0,0
BRDA:461,58,1,0
BRDA:462,59,0,0
BRDA:462,59,1,0
BRDA:466,60,0,0
BRDA:466,60,1,0
BRDA:482,61,0,0
BRDA:482,61,1,0
BRDA:487,62,0,0
BRDA:487,62,1,0
BRDA:513,63,0,0
BRDA:513,63,1,0
BRDA:517,64,0,0
BRDA:517,64,1,0
BRDA:517,65,0,0
BRDA:517,65,1,0
BRDA:517,65,2,0
BRDA:522,66,0,0
BRDA:522,66,1,0
BRDA:522,67,0,0
BRDA:522,67,1,0
BRDA:522,67,2,0
BRDA:528,68,0,0
BRDA:528,68,1,0
BRDA:528,69,0,0
BRDA:528,69,1,0
BRDA:528,69,2,0
BRDA:545,70,0,0
BRDA:545,70,1,0
BRDA:545,71,0,0
BRDA:545,71,1,0
BRDA:558,72,0,0
BRDA:558,72,1,0
BRDA:670,73,0,0
BRDA:670,73,1,0
BRDA:671,74,0,0
BRDA:671,74,1,0
BRDA:681,75,0,0
BRDA:681,75,1,0
BRDA:689,76,0,0
BRDA:689,76,1,0
BRDA:689,77,0,0
BRDA:689,77,1,0
BRDA:689,77,2,0
BRDA:695,78,0,0
BRDA:695,78,1,0
BRDA:701,79,0,0
BRDA:701,79,1,0
BRDA:705,80,0,0
BRDA:705,80,1,0
BRDA:715,81,0,0
BRDA:715,81,1,0
BRDA:719,82,0,0
BRDA:719,82,1,0
BRDA:724,83,0,0
BRDA:724,83,1,0
BRDA:724,84,0,0
BRDA:724,84,1,0
BRDA:725,85,0,0
BRDA:725,85,1,0
BRDA:736,86,0,0
BRDA:736,86,1,0
BRDA:736,87,0,0
BRDA:736,87,1,0
BRDA:740,88,0,0
BRDA:740,88,1,0
BRDA:747,89,0,0
BRDA:747,89,1,0
BRDA:753,90,0,0
BRDA:753,90,1,0
BRDA:781,91,0,0
BRDA:781,91,1,0
BRDA:788,92,0,0
BRDA:788,92,1,0
BRDA:793,93,0,0
BRDA:793,93,1,0
BRDA:801,94,0,0
BRDA:801,94,1,0
BRDA:807,95,0,0
BRDA:807,95,1,0
BRDA:815,96,0,0
BRDA:815,96,1,0
BRDA:823,97,0,0
BRDA:823,97,1,0
BRDA:828,98,0,0
BRDA:828,98,1,0
BRDA:828,99,0,0
BRDA:828,99,1,0
BRDA:830,100,0,0
BRDA:830,100,1,0
BRDA:837,101,0,0
BRDA:837,101,1,0
BRDA:837,102,0,0
BRDA:837,102,1,0
BRDA:845,103,0,0
BRDA:845,103,1,0
BRDA:845,104,0,0
BRDA:845,104,1,0
BRDA:851,105,0,0
BRDA:851,105,1,0
BRDA:861,106,0,0
BRDA:861,106,1,0
BRDA:875,107,0,0
BRDA:875,107,1,0
BRDA:898,108,0,0
BRDA:898,108,1,0
BRDA:902,109,0,0
BRDA:902,109,1,0
BRDA:916,110,0,0
BRDA:916,110,1,0
BRDA:916,111,0,0
BRDA:916,111,1,0
BRDA:927,112,0,0
BRDA:927,112,1,0
BRDA:927,112,2,0
BRDA:927,112,3,0
BRDA:929,113,0,0
BRDA:929,113,1,0
BRDA:929,114,0,0
BRDA:929,114,1,0
BRDA:933,115,0,0
BRDA:933,115,1,0
BRDA:935,116,0,0
BRDA:935,116,1,0
BRDA:954,117,0,0
BRDA:954,117,1,0
BRDA:960,118,0,0
BRDA:960,118,1,0
BRDA:973,119,0,0
BRDA:973,119,1,0
BRDA:973,119,2,0
BRDA:982,120,0,0
BRDA:982,120,1,0
BRDA:992,121,0,0
BRDA:992,121,1,0
BRDA:992,122,0,0
BRDA:992,122,1,0
BRDA:999,123,0,0
BRDA:999,123,1,0
BRDA:1003,124,0,0
BRDA:1003,124,1,0
BRDA:1003,125,0,0
BRDA:1003,125,1,0
BRDA:1010,126,0,0
BRDA:1010,126,1,0
BRDA:1023,127,0,0
BRDA:1023,127,1,0
BRDA:1030,128,0,0
BRDA:1030,128,1,0
BRDA:1031,129,0,0
BRDA:1031,129,1,0
BRDA:1034,130,0,0
BRDA:1034,130,1,0
BRDA:1053,131,0,0
BRDA:1053,131,1,0
BRDA:1065,132,0,0
BRDA:1065,132,1,0
BRDA:1069,133,0,0
BRDA:1069,133,1,0
BRDA:1071,134,0,0
BRDA:1071,134,1,0
BRDA:1076,135,0,0
BRDA:1076,135,1,0
BRDA:1078,136,0,0
BRDA:1078,136,1,0
BRDA:1079,137,0,0
BRDA:1079,137,1,0
BRDA:1084,138,0,0
BRDA:1084,138,1,0
BRDA:1084,139,0,0
BRDA:1084,139,1,0
BRDA:1094,140,0,0
BRDA:1094,140,1,0
BRDA:1100,141,0,0
BRDA:1100,141,1,0
BRDA:1100,142,0,0
BRDA:1100,142,1,0
BRDA:1108,143,0,0
BRDA:1108,143,1,0
BRDA:1114,144,0,0
BRDA:1114,144,1,0
BRDA:1220,145,0,0
BRDA:1220,145,1,0
BRDA:1220,146,0,0
BRDA:1220,146,1,0
BRDA:1227,147,0,0
BRDA:1227,147,1,0
BRDA:1229,148,0,0
BRDA:1229,148,1,0
BRDA:1233,149,0,0
BRDA:1233,149,1,0
BRDA:1243,150,0,0
BRDA:1243,150,1,0
BRDA:1253,151,0,0
BRDA:1253,151,1,0
BRDA:1253,152,0,0
BRDA:1253,152,1,0
BRDA:1260,153,0,0
BRDA:1260,153,1,0
BRDA:1262,154,0,0
BRDA:1262,154,1,0
BRDA:1269,155,0,0
BRDA:1269,155,1,0
BRDA:1274,156,0,0
BRDA:1274,156,1,0
BRDA:1277,157,0,0
BRDA:1277,157,1,0
BRDA:1277,158,0,0
BRDA:1277,158,1,0
BRDA:1285,159,0,0
BRDA:1285,159,1,0
BRDA:1289,160,0,0
BRDA:1289,160,1,0
BRDA:1292,161,0,0
BRDA:1292,161,1,0
BRDA:1302,162,0,0
BRDA:1302,162,1,0
BRDA:1327,163,0,0
BRDA:1327,163,1,0
BRDA:1327,164,0,0
BRDA:1327,164,1,0
BRDA:1334,165,0,0
BRDA:1334,165,1,0
BRDA:1345,166,0,0
BRDA:1345,166,1,0
BRDA:1350,167,0,0
BRDA:1350,167,1,0
BRDA:1353,168,0,0
BRDA:1353,168,1,0
BRDA:1397,169,0,0
BRDA:1397,169,1,0
BRDA:1405,170,0,0
BRDA:1405,170,1,0
BRDA:1408,171,0,0
BRDA:1408,171,1,0
BRDA:1426,172,0,0
BRDA:1426,172,1,0
BRDA:1434,173,0,0
BRDA:1434,173,1,0
BRDA:1442,174,0,0
BRDA:1442,174,1,0
BRDA:1442,175,0,0
BRDA:1442,175,1,0
BRDA:1444,176,0,0
BRDA:1444,176,1,0
BRDA:1444,177,0,0
BRDA:1444,177,1,0
BRDA:1444,177,2,0
BRDA:1444,177,3,0
BRDA:1448,178,0,0
BRDA:1448,178,1,0
BRDA:1453,179,0,0
BRDA:1453,179,1,0
BRDA:1454,180,0,0
BRDA:1454,180,1,0
BRDA:1486,181,0,0
BRDA:1486,181,1,0
BRDA:1496,182,0,0
BRDA:1496,182,1,0
BRDA:1539,183,0,1
BRDA:1539,183,1,1
BRDA:1539,183,2,1
BRDA:1544,184,0,0
BRDA:1544,184,1,3
BRDA:1544,185,0,3
BRDA:1544,185,1,3
BRDA:1554,186,0,0
BRDA:1554,186,1,0
BRDA:1568,187,0,0
BRDA:1568,187,1,0
BRDA:1578,188,0,1
BRDA:1578,188,1,1
BRDA:1589,189,0,1
BRDA:1589,189,1,0
BRDA:1600,190,0,0
BRDA:1600,190,1,0
BRDA:1611,191,0,0
BRDA:1611,191,1,0
BRDA:1617,192,0,0
BRDA:1617,192,1,0
BRDA:1628,193,0,0
BRDA:1628,193,1,0
BRDA:1631,194,0,0
BRDA:1631,194,1,0
BRDA:1643,195,0,0
BRDA:1643,195,1,0
BRDA:1647,196,0,0
BRDA:1647,196,1,0
BRDA:1647,196,2,0
BRDA:1662,197,0,0
BRDA:1662,197,1,0
BRDA:1677,198,0,0
BRDA:1677,198,1,0
BRDA:1677,199,0,0
BRDA:1677,199,1,0
BRDA:1680,200,0,1
BRDA:1680,200,1,1
BRDA:1680,201,0,1
BRDA:1680,201,1,0
BRDA:1681,202,0,1
BRDA:1681,202,1,1
BRDA:1691,203,0,0
BRDA:1691,203,1,0
BRDA:1694,204,0,0
BRDA:1694,204,1,0
BRDA:1697,205,0,0
BRDA:1697,205,1,0
BRDA:1708,206,0,0
BRDA:1708,206,1,0
BRDA:1712,207,0,0
BRDA:1712,207,1,0
BRDA:1715,208,0,0
BRDA:1715,208,1,0
BRDA:1717,209,0,0
BRDA:1717,209,1,0
BRDA:1721,210,0,0
BRDA:1721,210,1,0
BRDA:1723,211,0,0
BRDA:1723,211,1,0
BRDA:1723,212,0,0
BRDA:1723,212,1,0
BRDA:1723,212,2,0
BRDA:1724,213,0,0
BRDA:1724,213,1,0
BRDA:1729,214,0,0
BRDA:1729,214,1,0
BRDA:1729,215,0,0
BRDA:1729,215,1,0
BRDA:1739,216,0,0
BRDA:1739,216,1,0
BRDA:1742,217,0,0
BRDA:1742,217,1,0
BRDA:1753,218,0,0
BRDA:1753,218,1,0
BRDA:1770,219,0,0
BRDA:1770,219,1,0
BRDA:1770,220,0,0
BRDA:1770,220,1,0
BRDA:1770,220,2,0
BRDA:1770,220,3,0
BRDA:1776,221,0,0
BRDA:1776,221,1,0
BRDA:1777,222,0,0
BRDA:1777,222,1,0
BRDA:1787,223,0,0
BRDA:1787,223,1,0
BRDA:1787,224,0,0
BRDA:1787,224,1,0
BRDA:1787,224,2,0
BRDA:1788,225,0,0
BRDA:1788,225,1,0
BRDA:1797,226,0,0
BRDA:1797,226,1,0
BRDA:1813,227,0,0
BRDA:1813,227,1,0
BRDA:1813,228,0,0
BRDA:1813,228,1,0
BRDA:1815,229,0,0
BRDA:1815,229,1,0
BRDA:1818,230,0,0
BRDA:1818,230,1,0
BRDA:1818,231,0,0
BRDA:1818,231,1,0
BRDA:1820,232,0,0
BRDA:1820,232,1,0
BRDA:1837,233,0,0
BRDA:1837,233,1,0
BRDA:1837,234,0,0
BRDA:1837,234,1,0
BRDA:1841,235,0,0
BRDA:1841,235,1,0
BRDA:1860,236,0,0
BRDA:1860,236,1,0
BRDA:1861,237,0,0
BRDA:1861,237,1,0
BRDA:1867,238,0,0
BRDA:1867,238,1,0
BRDA:1867,239,0,0
BRDA:1867,239,1,0
BRDA:1867,240,0,0
BRDA:1867,240,1,0
BRDA:1873,241,0,0
BRDA:1873,241,1,0
BRDA:1882,242,0,0
BRDA:1882,242,1,0
BRDA:1891,243,0,4
BRDA:1891,243,1,4
BRDA:1893,244,0,4
BRDA:1893,244,1,0
BRDA:1899,245,0,1
BRDA:1899,245,1,0
BRDA:1900,246,0,0
BRDA:1900,246,1,1
BRDA:1910,247,0,0
BRDA:1910,247,1,0
BRDA:1924,248,0,1
BRDA:1924,248,1,0
BRDA:1929,249,0,0
BRDA:1929,249,1,0
BRDA:1966,250,0,0
BRDA:1966,250,1,0
BRDA:1987,251,0,0
BRDA:1987,251,1,0
BRDA:1988,252,0,0
BRDA:1988,252,1,0
BRDA:1988,252,2,0
BRDA:1989,253,0,0
BRDA:1989,253,1,0
BRDA:1989,253,2,0
BRDA:1996,254,0,0
BRDA:1996,254,1,0
BRDA:1996,255,0,0
BRDA:1996,255,1,0
BRDA:2009,256,0,0
BRDA:2009,256,1,0
BRDA:2009,257,0,0
BRDA:2009,257,1,0
BRDA:2022,258,0,0
BRDA:2022,258,1,0
BRDA:2022,259,0,0
BRDA:2022,259,1,0
BRDA:2039,260,0,0
BRDA:2039,260,1,0
BRDA:2039,261,0,0
BRDA:2039,261,1,0
BRDA:2053,262,0,0
BRDA:2053,262,1,0
BRDA:2053,263,0,0
BRDA:2053,263,1,0
BRDA:2053,264,0,0
BRDA:2053,264,1,0
BRDA:2053,265,0,0
BRDA:2053,265,1,0
BRDA:2061,266,0,0
BRDA:2061,266,1,0
BRDA:2061,267,0,0
BRDA:2061,267,1,0
BRDA:2065,268,0,0
BRDA:2065,268,1,0
BRDA:2066,269,0,0
BRDA:2066,269,1,0
BRDA:2068,270,0,0
BRDA:2068,270,1,0
BRDA:2069,271,0,0
BRDA:2069,271,1,0
BRDA:2091,272,0,0
BRDA:2091,272,1,0
BRDA:2091,273,0,0
BRDA:2091,273,1,0
BRDA:2094,274,0,0
BRDA:2094,274,1,0
BRDA:2098,275,0,0
BRDA:2098,275,1,0
BRDA:2114,276,0,0
BRDA:2114,276,1,0
BRDA:2114,277,0,0
BRDA:2114,277,1,0
BRDA:2114,277,2,0
BRDA:2118,278,0,0
BRDA:2118,278,1,0
BRDA:2121,279,0,0
BRDA:2121,279,1,0
BRDA:2136,280,0,0
BRDA:2136,280,1,0
BRDA:2136,281,0,0
BRDA:2136,281,1,0
BRDA:2141,282,0,0
BRDA:2141,282,1,0
BRDA:2144,283,0,0
BRDA:2144,283,1,0
BRDA:2149,284,0,0
BRDA:2149,284,1,0
BRDA:2151,285,0,0
BRDA:2151,285,1,0
BRDA:2154,286,0,0
BRDA:2154,286,1,0
BRDA:2163,287,0,0
BRDA:2163,287,1,0
BRDA:2163,288,0,0
BRDA:2163,288,1,0
BRDA:2179,289,0,0
BRDA:2179,289,1,0
BRDA:2181,290,0,0
BRDA:2181,290,1,0
BRDA:2181,291,0,0
BRDA:2181,291,1,0
BRDA:2182,292,0,0
BRDA:2182,292,1,0
BRDA:2182,293,0,0
BRDA:2182,293,1,0
BRDA:2183,294,0,0
BRDA:2183,294,1,0
BRDA:2183,295,0,0
BRDA:2183,295,1,0
BRDA:2184,296,0,0
BRDA:2184,296,1,0
BRDA:2184,297,0,0
BRDA:2184,297,1,0
BRDA:2206,298,0,0
BRDA:2206,298,1,0
BRDA:2206,299,0,0
BRDA:2206,299,1,0
BRDA:2208,300,0,0
BRDA:2208,300,1,0
BRDA:2246,301,0,0
BRDA:2246,301,1,0
BRDA:2249,302,0,0
BRDA:2249,302,1,0
BRDA:2253,303,0,0
BRDA:2253,303,1,0
BRDA:2267,304,0,0
BRDA:2267,304,1,0
BRDA:2267,305,0,0
BRDA:2267,305,1,0
BRDA:2269,306,0,0
BRDA:2269,306,1,0
BRDA:2283,307,0,0
BRDA:2283,307,1,0
BRDA:2283,308,0,0
BRDA:2283,308,1,0
BRDA:2284,309,0,0
BRDA:2284,309,1,0
BRDA:2284,310,0,0
BRDA:2284,310,1,0
BRDA:2330,311,0,0
BRDA:2330,311,1,0
BRDA:2331,312,0,0
BRDA:2331,312,1,0
BRDA:2332,313,0,0
BRDA:2332,313,1,0
BRDA:2333,314,0,0
BRDA:2333,314,1,0
BRDA:2336,315,0,0
BRDA:2336,315,1,0
BRDA:2356,316,0,0
BRDA:2356,316,1,0
BRDA:2375,317,0,0
BRDA:2375,317,1,0
BRDA:2399,318,0,0
BRDA:2399,318,1,0
BRDA:2402,319,0,0
BRDA:2402,319,1,0
BRDA:2406,320,0,0
BRDA:2406,320,1,0
BRDA:2407,321,0,0
BRDA:2407,321,1,0
BRDA:2407,322,0,0
BRDA:2407,322,1,0
BRDA:2430,323,0,0
BRDA:2430,323,1,0
BRDA:2459,324,0,0
BRDA:2459,324,1,0
BRDA:2466,325,0,0
BRDA:2466,325,1,0
BRDA:2484,326,0,0
BRDA:2484,326,1,0
BRDA:2501,327,0,0
BRDA:2501,327,1,0
BRDA:2502,328,0,0
BRDA:2502,328,1,0
BRDA:2518,329,0,0
BRDA:2518,329,1,0
BRDA:2533,330,0,0
BRDA:2533,330,1,0
BRDA:2546,331,0,0
BRDA:2546,331,1,0
BRDA:2551,332,0,0
BRDA:2551,332,1,0
BRDA:2554,333,0,0
BRDA:2554,333,1,0
BRDA:2587,334,0,0
BRDA:2587,334,1,0
BRDA:2623,335,0,0
BRDA:2623,335,1,0
BRDA:2637,336,0,0
BRDA:2637,336,1,0
BRDA:2637,336,2,0
BRDA:2652,337,0,0
BRDA:2652,337,1,0
BRDA:2652,338,0,0
BRDA:2652,338,1,0
BRDA:2670,339,0,0
BRDA:2670,339,1,0
BRDA:2699,340,0,0
BRDA:2699,340,1,0
BRDA:2699,341,0,0
BRDA:2699,341,1,0
BRDA:2729,342,0,0
BRDA:2729,342,1,0
BRDA:2770,343,0,0
BRDA:2770,343,1,0
BRDA:2772,344,0,0
BRDA:2772,344,1,0
BRDA:2772,345,0,0
BRDA:2772,345,1,0
BRDA:2772,346,0,0
BRDA:2772,346,1,0
BRDA:2772,346,2,0
BRDA:2773,347,0,0
BRDA:2773,347,1,0
BRDA:2776,348,0,0
BRDA:2776,348,1,0
BRDA:2776,349,0,0
BRDA:2776,349,1,0
BRDA:2776,349,2,0
BRDA:2783,350,0,1
BRDA:2783,350,1,1
BRDA:2802,351,0,0
BRDA:2802,351,1,0
BRDA:2805,352,0,0
BRDA:2805,352,1,0
BRDA:2815,353,0,0
BRDA:2815,353,1,0
BRDA:2817,354,0,0
BRDA:2817,354,1,0
BRDA:2818,355,0,0
BRDA:2818,355,1,0
BRDA:2836,356,0,0
BRDA:2836,356,1,0
BRDA:2839,357,0,0
BRDA:2839,357,1,0
BRDA:2847,358,0,0
BRDA:2847,358,1,0
BRDA:2848,359,0,0
BRDA:2848,359,1,0
BRDA:2856,360,0,0
BRDA:2856,360,1,0
BRDA:2856,361,0,0
BRDA:2856,361,1,0
BRDA:2863,362,0,0
BRDA:2863,362,1,0
BRDA:2864,363,0,0
BRDA:2864,363,1,0
BRDA:2899,364,0,0
BRDA:2899,364,1,0
BRDA:2900,365,0,0
BRDA:2900,365,1,0
BRDA:2900,365,2,0
BRDA:2903,366,0,0
BRDA:2903,366,1,0
BRDA:2922,367,0,0
BRDA:2922,367,1,0
BRDA:2929,368,0,0
BRDA:2929,368,1,0
BRDA:2933,369,0,0
BRDA:2933,369,1,0
BRDA:2939,370,0,0
BRDA:2939,370,1,0
BRDA:2952,371,0,0
BRDA:2952,371,1,0
BRDA:2953,372,0,0
BRDA:2953,372,1,0
BRDA:2955,373,0,0
BRDA:2955,373,1,0
BRDA:2956,374,0,0
BRDA:2956,374,1,0
BRDA:2965,375,0,0
BRDA:2965,375,1,0
BRDA:2969,376,0,0
BRDA:2969,376,1,0
BRDA:3001,377,0,0
BRDA:3001,377,1,0
BRDA:3003,378,0,0
BRDA:3003,378,1,0
BRDA:3056,379,0,0
BRDA:3056,379,1,0
BRDA:3056,380,0,0
BRDA:3056,380,1,0
BRDA:3060,381,0,0
BRDA:3060,381,1,0
BRDA:3078,382,0,0
BRDA:3078,382,1,0
BRDA:3082,383,0,0
BRDA:3082,383,1,0
BRDA:3082,384,0,0
BRDA:3082,384,1,0
BRDA:3091,385,0,0
BRDA:3091,385,1,0
BRDA:3095,386,0,0
BRDA:3095,386,1,0
BRDA:3095,386,2,0
BRDA:3095,386,3,0
BRDA:3110,387,0,0
BRDA:3110,387,1,0
BRDA:3110,388,0,0
BRDA:3110,388,1,0
BRDA:3122,389,0,0
BRDA:3122,389,1,0
BRDA:3122,389,2,0
BRDA:3122,389,3,0
BRDA:3122,389,4,0
BRDA:3122,389,5,0
BRDA:3122,389,6,0
BRDA:3122,389,7,0
BRDA:3129,390,0,0
BRDA:3129,390,1,0
BRDA:3129,390,2,0
BRDA:3129,390,3,0
BRDA:3129,390,4,0
BRDA:3129,390,5,0
BRDA:3129,390,6,0
BRDA:3129,390,7,0
BRDA:3135,391,0,0
BRDA:3135,391,1,0
BRDA:3135,391,2,0
BRDA:3135,391,3,0
BRDA:3135,391,4,0
BRDA:3135,391,5,0
BRDA:3135,391,6,0
BRDA:3135,391,7,0
BRDA:3135,391,8,0
BRDA:3135,391,9,0
BRDA:3135,391,10,0
BRDA:3135,391,11,0
BRDA:3135,391,12,0
BRDA:3138,392,0,0
BRDA:3138,392,1,0
BRDA:3138,392,2,0
BRDA:3138,392,3,0
BRDA:3138,392,4,0
BRDA:3138,392,5,0
BRDA:3138,392,6,0
BRDA:3138,392,7,0
BRDA:3138,392,8,0
BRDA:3138,392,9,0
BRDA:3138,392,10,0
BRDA:3138,392,11,0
BRDA:3138,392,12,0
BRDA:3140,393,0,0
BRDA:3140,393,1,0
BRDA:3142,394,0,0
BRDA:3142,394,1,0
BRDA:3142,395,0,0
BRDA:3142,395,1,0
BRDA:3142,395,2,0
BRDA:3146,396,0,0
BRDA:3146,396,1,0
BRDA:3146,397,0,0
BRDA:3146,397,1,0
BRDA:3150,398,0,0
BRDA:3150,398,1,0
BRDA:3154,399,0,0
BRDA:3154,399,1,0
BRDA:3181,400,0,0
BRDA:3181,400,1,0
BRDA:3182,401,0,0
BRDA:3182,401,1,0
BRDA:3183,402,0,0
BRDA:3183,402,1,0
BRDA:3185,403,0,0
BRDA:3185,403,1,0
BRDA:3188,404,0,0
BRDA:3188,404,1,0
BRDA:3214,405,0,0
BRDA:3214,405,1,0
BRDA:3218,406,0,0
BRDA:3218,406,1,0
BRDA:3220,407,0,0
BRDA:3220,407,1,0
BRDA:3220,407,2,0
BRDA:3220,407,3,0
BRDA:3232,408,0,0
BRDA:3232,408,1,0
BRDA:3232,409,0,0
BRDA:3232,409,1,0
BRDA:3235,410,0,0
BRDA:3235,410,1,0
BRDA:3236,411,0,0
BRDA:3236,411,1,0
BRDA:3238,412,0,0
BRDA:3238,412,1,0
BRDA:3279,413,0,0
BRDA:3279,413,1,0
BRDA:3279,414,0,0
BRDA:3279,414,1,0
BRDA:3286,415,0,0
BRDA:3286,415,1,0
BRDA:3291,416,0,0
BRDA:3291,416,1,0
BRDA:3291,417,0,0
BRDA:3291,417,1,0
BRDA:3297,418,0,0
BRDA:3297,418,1,0
BRDA:3297,419,0,0
BRDA:3297,419,1,0
BRDA:3301,420,0,0
BRDA:3301,420,1,0
BRDA:3318,421,0,0
BRDA:3318,421,1,0
BRDA:3319,422,0,0
BRDA:3319,422,1,0
BRDA:3345,423,0,0
BRDA:3345,423,1,0
BRDA:3351,424,0,0
BRDA:3351,424,1,0
BRDA:3354,425,0,0
BRDA:3354,425,1,0
BRDA:3357,426,0,0
BRDA:3357,426,1,0
BRDA:3360,427,0,0
BRDA:3360,427,1,0
BRDA:3377,428,0,0
BRDA:3377,428,1,0
BRDA:3382,429,0,0
BRDA:3382,429,1,0
BRDA:3415,430,0,0
BRDA:3415,430,1,0
BRDA:3415,431,0,0
BRDA:3415,431,1,0
BRDA:3421,432,0,0
BRDA:3421,432,1,0
BRDA:3423,433,0,0
BRDA:3423,433,1,0
BRDA:3423,434,0,0
BRDA:3423,434,1,0
BRDA:3424,435,0,0
BRDA:3424,435,1,0
BRDA:3431,436,0,0
BRDA:3431,436,1,0
BRDA:3453,437,0,0
BRDA:3453,437,1,0
BRDA:3459,438,0,0
BRDA:3459,438,1,0
BRDA:3460,439,0,0
BRDA:3460,439,1,0
BRDA:3481,440,0,0
BRDA:3481,440,1,0
BRDA:3490,441,0,0
BRDA:3490,441,1,0
BRDA:3490,442,0,0
BRDA:3490,442,1,0
BRDA:3490,442,2,0
BRDA:3490,442,3,0
BRDA:3492,443,0,0
BRDA:3492,443,1,0
BRDA:3500,444,0,0
BRDA:3500,444,1,0
BRDA:3529,445,0,0
BRDA:3529,445,1,0
BRDA:3529,446,0,0
BRDA:3529,446,1,0
BRDA:3529,447,0,0
BRDA:3529,447,1,0
BRDA:3988,448,0,0
BRDA:3988,448,1,0
BRDA:3988,449,0,0
BRDA:3988,449,1,0
BRDA:4009,450,0,0
BRDA:4009,450,1,0
BRDA:4009,451,0,0
BRDA:4009,451,1,0
BRDA:4010,452,0,0
BRDA:4010,452,1,0
BRDA:4010,453,0,0
BRDA:4010,453,1,0
BRDA:4015,454,0,0
BRDA:4015,454,1,0
BRDA:4015,455,0,0
BRDA:4015,455,1,0
BRDA:4034,456,0,0
BRDA:4034,456,1,0
BRDA:4034,457,0,0
BRDA:4034,457,1,0
BRDA:4043,458,0,0
BRDA:4043,458,1,0
BRDA:4125,459,0,1
BRDA:4125,459,1,0
BRDA:4218,460,0,0
BRDA:4218,460,1,0
BRDA:4218,461,0,0
BRDA:4218,461,1,0
BRDA:4226,462,0,0
BRDA:4226,462,1,0
BRDA:4234,463,0,0
BRDA:4234,463,1,0
BRDA:4238,464,0,0
BRDA:4238,464,1,0
BRDA:4238,465,0,0
BRDA:4238,465,1,0
BRDA:4238,465,2,0
BRDA:4251,466,0,0
BRDA:4251,466,1,0
BRDA:4256,467,0,0
BRDA:4256,467,1,0
BRDA:4256,468,0,0
BRDA:4256,468,1,0
BRDA:4261,469,0,0
BRDA:4261,469,1,0
BRDA:4267,470,0,0
BRDA:4267,470,1,0
BRDA:4269,471,0,0
BRDA:4269,471,1,0
BRDA:4272,472,0,0
BRDA:4272,472,1,0
BRDA:4280,473,0,0
BRDA:4280,473,1,0
BRDA:4291,474,0,0
BRDA:4291,474,1,0
BRDA:4291,475,0,0
BRDA:4291,475,1,0
BRDA:4304,476,0,0
BRDA:4304,476,1,0
BRDA:4304,477,0,0
BRDA:4304,477,1,0
BRDA:4304,477,2,0
BRDA:4317,478,0,0
BRDA:4317,478,1,0
BRDA:4321,479,0,0
BRDA:4321,479,1,0
BRDA:4335,480,0,0
BRDA:4335,480,1,0
BRDA:4345,481,0,0
BRDA:4345,481,1,0
BRDA:4369,482,0,0
BRDA:4369,482,1,0
BRDA:4372,483,0,0
BRDA:4372,483,1,0
BRDA:4384,484,0,0
BRDA:4384,484,1,0
BRDA:4385,485,0,0
BRDA:4385,485,1,0
BRDA:4386,486,0,0
BRDA:4386,486,1,0
BRDA:4388,487,0,0
BRDA:4388,487,1,0
BRDA:4390,488,0,0
BRDA:4390,488,1,0
BRDA:4406,489,0,0
BRDA:4406,489,1,0
BRDA:4408,490,0,0
BRDA:4408,490,1,0
BRDA:4432,491,0,0
BRDA:4432,491,1,0
BRDA:4446,492,0,0
BRDA:4446,492,1,0
BRDA:4448,493,0,0
BRDA:4448,493,1,0
BRDA:4453,494,0,0
BRDA:4453,494,1,0
BRDA:4454,495,0,0
BRDA:4454,495,1,0
BRDA:4464,496,0,0
BRDA:4464,496,1,0
BRDA:4464,497,0,0
BRDA:4464,497,1,0
BRDA:4464,497,2,0
BRDA:4464,497,3,0
BRDA:4478,498,0,0
BRDA:4478,498,1,0
BRDA:4478,499,0,0
BRDA:4478,499,1,0
BRDA:4482,500,0,0
BRDA:4482,500,1,0
BRDA:4488,501,0,0
BRDA:4488,501,1,0
BRDA:4492,502,0,0
BRDA:4492,502,1,0
BRDA:4492,503,0,0
BRDA:4492,503,1,0
BRDA:4492,503,2,0
BRDA:4492,503,3,0
BRDA:4492,503,4,0
BRDA:4492,503,5,0
BRDA:4499,504,0,0
BRDA:4499,504,1,0
BRDA:4505,505,0,0
BRDA:4505,505,1,0
BRDA:4511,506,0,0
BRDA:4511,506,1,0
BRDA:4524,507,0,0
BRDA:4524,507,1,0
BRDA:4528,508,0,0
BRDA:4528,508,1,0
BRDA:4540,509,0,0
BRDA:4540,509,1,0
BRDA:4540,510,0,0
BRDA:4540,510,1,0
BRDA:4540,511,0,0
BRDA:4540,511,1,0
BRDA:4540,511,2,0
BRDA:4540,511,3,0
BRDA:4540,511,4,0
BRDA:4544,512,0,0
BRDA:4544,512,1,0
BRDA:4544,513,0,0
BRDA:4544,513,1,0
BRDA:4552,514,0,0
BRDA:4552,514,1,0
BRDA:4552,515,0,0
BRDA:4552,515,1,0
BRDA:4559,516,0,0
BRDA:4559,516,1,0
BRDA:4559,517,0,0
BRDA:4559,517,1,0
BRDA:4559,517,2,0
BRDA:4559,517,3,0
BRDA:4560,518,0,0
BRDA:4560,518,1,0
BRDA:4572,519,0,0
BRDA:4572,519,1,0
BRDA:4578,520,0,0
BRDA:4578,520,1,0
BRDA:4578,521,0,0
BRDA:4578,521,1,0
BRDA:4583,522,0,0
BRDA:4583,522,1,0
BRDA:4583,523,0,0
BRDA:4583,523,1,0
BRDA:4588,524,0,0
BRDA:4588,524,1,0
BRDA:4718,525,0,0
BRDA:4718,525,1,0
BRDA:4724,526,0,0
BRDA:4724,526,1,0
BRDA:4724,527,0,0
BRDA:4724,527,1,0
BRDA:4728,528,0,0
BRDA:4728,528,1,0
BRDA:4737,529,0,0
BRDA:4737,529,1,0
BRDA:4737,530,0,0
BRDA:4737,530,1,0
BRDA:4758,531,0,0
BRDA:4758,531,1,0
BRDA:4772,532,0,0
BRDA:4772,532,1,0
BRDA:4776,533,0,0
BRDA:4776,533,1,0
BRDA:4776,534,0,0
BRDA:4776,534,1,0
BRDA:4783,535,0,0
BRDA:4783,535,1,0
BRDA:4783,536,0,0
BRDA:4783,536,1,0
BRDA:4790,537,0,0
BRDA:4790,537,1,0
BRDA:4803,538,0,0
BRDA:4803,538,1,0
BRDA:4850,539,0,0
BRDA:4850,539,1,0
BRDA:4854,540,0,0
BRDA:4854,540,1,0
BRDA:4860,541,0,0
BRDA:4860,541,1,0
BRDA:4871,542,0,0
BRDA:4871,542,1,0
BRDA:4888,543,0,0
BRDA:4888,543,1,0
BRDA:4890,544,0,0
BRDA:4890,544,1,0
BRDA:4890,545,0,0
BRDA:4890,545,1,0
BRDA:4903,546,0,0
BRDA:4903,546,1,0
BRDA:4903,547,0,0
BRDA:4903,547,1,0
BRDA:4909,548,0,0
BRDA:4909,548,1,0
BRDA:4915,549,0,0
BRDA:4915,549,1,0
BRDA:4924,550,0,0
BRDA:4924,550,1,0
BRDA:4932,551,0,0
BRDA:4932,551,1,0
BRDA:4945,552,0,0
BRDA:4945,552,1,0
BRDA:4945,553,0,0
BRDA:4945,553,1,0
BRDA:4945,553,2,0
BRDA:4954,554,0,0
BRDA:4954,554,1,0
BRDA:4956,555,0,0
BRDA:4956,555,1,0
BRDA:4956,556,0,0
BRDA:4956,556,1,0
BRDA:4960,557,0,0
BRDA:4960,557,1,0
BRDA:4960,558,0,0
BRDA:4960,558,1,0
BRDA:4964,559,0,0
BRDA:4964,559,1,0
BRDA:4972,560,0,0
BRDA:4972,560,1,0
BRDA:5006,561,0,0
BRDA:5006,561,1,0
BRDA:5015,562,0,0
BRDA:5015,562,1,0
BRDA:5017,563,0,0
BRDA:5017,563,1,0
BRDA:5017,564,0,0
BRDA:5017,564,1,0
BRDA:5021,565,0,0
BRDA:5021,565,1,0
BRDA:5027,566,0,0
BRDA:5027,566,1,0
BRDA:5032,567,0,0
BRDA:5032,567,1,0
BRDA:5039,568,0,0
BRDA:5039,568,1,0
BRDA:5045,569,0,0
BRDA:5045,569,1,0
BRDA:5049,570,0,0
BRDA:5049,570,1,0
BRDA:5056,571,0,0
BRDA:5056,571,1,0
BRDA:5056,572,0,0
BRDA:5056,572,1,0
BRDA:5062,573,0,0
BRDA:5062,573,1,0
BRDA:5067,574,0,0
BRDA:5067,574,1,0
BRDA:5074,575,0,0
BRDA:5074,575,1,0
BRDA:5086,576,0,0
BRDA:5086,576,1,0
BRDA:5086,577,0,0
BRDA:5086,577,1,0
BRDA:5090,578,0,0
BRDA:5090,578,1,0
BRDA:5090,579,0,0
BRDA:5090,579,1,0
BRDA:5109,580,0,0
BRDA:5109,580,1,0
BRDA:5141,581,0,0
BRDA:5141,581,1,0
BRDA:5148,582,0,0
BRDA:5148,582,1,0
BRDA:5155,583,0,0
BRDA:5155,583,1,0
BRDA:5173,584,0,0
BRDA:5173,584,1,0
BRDA:5173,585,0,0
BRDA:5173,585,1,0
BRDA:5175,586,0,0
BRDA:5175,586,1,0
BRDA:5180,587,0,0
BRDA:5180,587,1,0
BRDA:5181,588,0,0
BRDA:5181,588,1,0
BRDA:5186,589,0,0
BRDA:5186,589,1,0
BRDA:5219,590,0,0
BRDA:5219,590,1,0
BRDA:5223,591,0,0
BRDA:5223,591,1,0
BRDA:5225,592,0,0
BRDA:5225,592,1,0
BRDA:5225,593,0,0
BRDA:5225,593,1,0
BRDA:5230,594,0,0
BRDA:5230,594,1,0
BRDA:5236,595,0,0
BRDA:5236,595,1,0
BRDA:5317,596,0,0
BRDA:5317,596,1,0
BRDA:5318,597,0,0
BRDA:5318,597,1,0
BRDA:5319,598,0,0
BRDA:5319,598,1,0
BRDA:5330,599,0,0
BRDA:5330,599,1,0
BRDA:5339,600,0,0
BRDA:5339,600,1,0
BRDA:5343,601,0,0
BRDA:5343,601,1,0
BRDA:5343,602,0,0
BRDA:5343,602,1,0
BRDA:5356,603,0,0
BRDA:5356,603,1,0
BRDA:5362,604,0,0
BRDA:5362,604,1,0
BRDA:5362,605,0,0
BRDA:5362,605,1,0
BRDA:5364,606,0,0
BRDA:5364,606,1,0
BRDA:5373,607,0,0
BRDA:5373,607,1,0
BRDA:5466,608,0,0
BRDA:5466,608,1,0
BRDA:5501,609,0,0
BRDA:5501,609,1,0
BRDA:5505,610,0,0
BRDA:5505,610,1,0
BRDA:5509,611,0,0
BRDA:5509,611,1,0
BRDA:5516,612,0,0
BRDA:5516,612,1,0
BRDA:5522,613,0,0
BRDA:5522,613,1,0
BRDA:5538,614,0,0
BRDA:5538,614,1,0
BRDA:5547,615,0,0
BRDA:5547,615,1,0
BRDA:5560,616,0,0
BRDA:5560,616,1,0
BRDA:5566,617,0,0
BRDA:5566,617,1,0
BRDA:5566,618,0,0
BRDA:5566,618,1,0
BRDA:5569,619,0,0
BRDA:5569,619,1,0
BRDA:5571,620,0,0
BRDA:5571,620,1,0
BRDA:5571,621,0,0
BRDA:5571,621,1,0
BRDA:5581,622,0,0
BRDA:5581,622,1,0
BRDA:5585,623,0,0
BRDA:5585,623,1,0
BRDA:5595,624,0,0
BRDA:5595,624,1,0
BRDA:5606,625,0,0
BRDA:5606,625,1,0
BRDA:5611,626,0,0
BRDA:5611,626,1,0
BRDA:5619,627,0,0
BRDA:5619,627,1,0
BRDA:5624,628,0,0
BRDA:5624,628,1,0
BRDA:5640,629,0,0
BRDA:5640,629,1,0
BRDA:5640,630,0,0
BRDA:5640,630,1,0
BRDA:5650,631,0,0
BRDA:5650,631,1,0
BRDA:5654,632,0,0
BRDA:5654,632,1,0
BRDA:5661,633,0,0
BRDA:5661,633,1,0
BRDA:5668,634,0,0
BRDA:5668,634,1,0
BRDA:5676,635,0,0
BRDA:5676,635,1,0
BRDA:5687,636,0,0
BRDA:5687,636,1,0
BRDA:5702,637,0,0
BRDA:5702,637,1,0
BRDA:5713,638,0,0
BRDA:5713,638,1,0
BRDA:5713,639,0,0
BRDA:5713,639,1,0
BRDA:5713,639,2,0
BRDA:5715,640,0,0
BRDA:5715,640,1,0
BRDA:5716,641,0,0
BRDA:5716,641,1,0
BRDA:5726,642,0,0
BRDA:5726,642,1,0
BRDA:5727,643,0,0
BRDA:5727,643,1,0
BRDA:5740,644,0,0
BRDA:5740,644,1,0
BRDA:5741,645,0,0
BRDA:5741,645,1,0
BRDA:5766,646,0,0
BRDA:5766,646,1,0
BRDA:5782,647,0,0
BRDA:5782,647,1,0
BRDA:5784,648,0,0
BRDA:5784,648,1,0
BRDA:5795,649,0,0
BRDA:5795,649,1,0
BRDA:5799,650,0,0
BRDA:5799,650,1,0
BRDA:5815,651,0,0
BRDA:5815,651,1,0
BRDA:5819,652,0,0
BRDA:5819,652,1,0
BRDA:5820,653,0,0
BRDA:5820,653,1,0
BRDA:5821,654,0,0
BRDA:5821,654,1,0
BRDA:5831,655,0,0
BRDA:5831,655,1,0
BRDA:5838,656,0,0
BRDA:5838,656,1,0
BRDA:5851,657,0,0
BRDA:5851,657,1,0
BRDA:5851,658,0,0
BRDA:5851,658,1,0
BRDA:5852,659,0,0
BRDA:5852,659,1,0
BRDA:5859,660,0,0
BRDA:5859,660,1,0
BRDA:5861,661,0,0
BRDA:5861,661,1,0
BRDA:5866,662,0,0
BRDA:5866,662,1,0
BRDA:5867,663,0,0
BRDA:5867,663,1,0
BRDA:5870,664,0,0
BRDA:5870,664,1,0
BRDA:5870,665,0,0
BRDA:5870,665,1,0
BRDA:5878,666,0,0
BRDA:5878,666,1,0
BRDA:5878,667,0,0
BRDA:5878,667,1,0
BRDA:5884,668,0,0
BRDA:5884,668,1,0
BRDA:5892,669,0,0
BRDA:5892,669,1,0
BRDA:5894,670,0,0
BRDA:5894,670,1,0
BRDA:5899,671,0,0
BRDA:5899,671,1,0
BRDA:5900,672,0,0
BRDA:5900,672,1,0
BRDA:5903,673,0,0
BRDA:5903,673,1,0
BRDA:5910,674,0,0
BRDA:5910,674,1,0
BRDA:5910,675,0,0
BRDA:5910,675,1,0
BRDA:5916,676,0,0
BRDA:5916,676,1,0
BRDA:5924,677,0,0
BRDA:5924,677,1,0
BRDA:5935,678,0,0
BRDA:5935,678,1,0
BRDA:5939,679,0,0
BRDA:5939,679,1,0
BRDA:5939,680,0,0
BRDA:5939,680,1,0
BRDA:5941,681,0,0
BRDA:5941,681,1,0
BRDA:5948,682,0,0
BRDA:5948,682,1,0
BRDA:5952,683,0,0
BRDA:5952,683,1,0
BRDA:5958,684,0,0
BRDA:5958,684,1,0
BRDA:5968,685,0,0
BRDA:5968,685,1,0
BRDA:5970,686,0,0
BRDA:5970,686,1,0
BRDA:5983,687,0,0
BRDA:5983,687,1,0
BRDA:5983,688,0,0
BRDA:5983,688,1,0
BRDA:6000,689,0,0
BRDA:6000,689,1,0
BRDA:6016,690,0,0
BRDA:6016,690,1,0
BRDA:6018,691,0,0
BRDA:6018,691,1,0
BRDA:6018,692,0,0
BRDA:6018,692,1,0
BRDA:6022,693,0,0
BRDA:6022,693,1,0
BRDA:6027,694,0,0
BRDA:6027,694,1,0
BRDA:6028,695,0,0
BRDA:6028,695,1,0
BRDA:6142,696,0,0
BRDA:6142,696,1,0
BRDA:6149,697,0,0
BRDA:6149,697,1,0
BRDA:6157,698,0,0
BRDA:6157,698,1,0
BRDA:6168,699,0,0
BRDA:6168,699,1,0
BRDA:6178,700,0,0
BRDA:6178,700,1,0
BRDA:6185,701,0,0
BRDA:6185,701,1,0
BRDA:6185,702,0,0
BRDA:6185,702,1,0
BRDA:6195,703,0,0
BRDA:6195,703,1,0
BRDA:6197,704,0,0
BRDA:6197,704,1,0
BRDA:6197,705,0,0
BRDA:6197,705,1,0
BRDA:6201,706,0,0
BRDA:6201,706,1,0
BRDA:6206,707,0,0
BRDA:6206,707,1,0
BRDA:6207,708,0,0
BRDA:6207,708,1,0
BRDA:6319,709,0,0
BRDA:6319,709,1,0
BRDA:6341,710,0,0
BRDA:6341,710,1,0
BRDA:6342,711,0,0
BRDA:6342,711,1,0
BRDA:6343,712,0,0
BRDA:6343,712,1,0
BRDA:6352,713,0,0
BRDA:6352,713,1,0
BRDA:6356,714,0,0
BRDA:6356,714,1,0
BRDA:6359,715,0,0
BRDA:6359,715,1,0
BRDA:6359,716,0,0
BRDA:6359,716,1,0
BRDA:6392,717,0,0
BRDA:6392,717,1,0
BRDA:6392,718,0,0
BRDA:6392,718,1,0
BRDA:6394,719,0,0
BRDA:6394,719,1,0
BRDA:6394,720,0,0
BRDA:6394,720,1,0
BRDA:6397,721,0,0
BRDA:6397,721,1,0
BRDA:6410,722,0,0
BRDA:6410,722,1,0
BRDA:6414,723,0,0
BRDA:6414,723,1,0
BRDA:6418,724,0,0
BRDA:6418,724,1,0
BRDA:6428,725,0,0
BRDA:6428,725,1,0
BRDA:6432,726,0,0
BRDA:6432,726,1,0
BRDA:6435,727,0,0
BRDA:6435,727,1,0
BRDA:6442,728,0,0
BRDA:6442,728,1,0
BRDA:6442,729,0,0
BRDA:6442,729,1,0
BRDA:6442,729,2,0
BRDA:6451,730,0,0
BRDA:6451,730,1,0
BRDA:6451,730,2,0
BRDA:6451,730,3,0
BRDA:6453,731,0,0
BRDA:6453,731,1,0
BRDA:6470,732,0,0
BRDA:6470,732,1,0
BRDA:6501,733,0,0
BRDA:6501,733,1,0
BRDA:6503,734,0,0
BRDA:6503,734,1,0
BRDA:6508,735,0,0
BRDA:6508,735,1,0
BRDA:6509,736,0,0
BRDA:6509,736,1,0
BRDA:6610,737,0,0
BRDA:6610,737,1,0
BRDA:6610,738,0,0
BRDA:6610,738,1,0
BRDA:6610,738,2,0
BRDA:6610,738,3,0
BRDA:6619,739,0,0
BRDA:6619,739,1,0
BRDA:6620,740,0,0
BRDA:6620,740,1,0
BRDA:6620,741,0,0
BRDA:6620,741,1,0
BRDA:6632,742,0,0
BRDA:6632,742,1,0
BRDA:6638,743,0,0
BRDA:6638,743,1,0
BRDA:6638,744,0,0
BRDA:6638,744,1,0
BRDA:6642,745,0,0
BRDA:6642,745,1,0
BRDA:6659,746,0,0
BRDA:6659,746,1,0
BRDA:6675,747,0,0
BRDA:6675,747,1,0
BRDA:6675,748,0,0
BRDA:6675,748,1,0
BRDA:6675,748,2,0
BRDA:6677,749,0,0
BRDA:6677,749,1,0
BRDA:6677,749,2,0
BRDA:6683,750,0,0
BRDA:6683,750,1,0
BRDA:6683,751,0,0
BRDA:6683,751,1,0
BRDA:6692,752,0,0
BRDA:6692,752,1,0
BRDA:6696,753,0,0
BRDA:6696,753,1,0
BRDA:6700,754,0,0
BRDA:6700,754,1,0
BRDA:6707,755,0,0
BRDA:6707,755,1,0
BRDA:6713,756,0,0
BRDA:6713,756,1,0
BRDA:6717,757,0,0
BRDA:6717,757,1,0
BRDA:6717,758,0,0
BRDA:6717,758,1,0
BRDA:6720,759,0,0
BRDA:6720,759,1,0
BRDA:6728,760,0,0
BRDA:6728,760,1,0
BRDA:6739,761,0,0
BRDA:6739,761,1,0
BRDA:6744,762,0,0
BRDA:6744,762,1,0
BRDA:6745,763,0,0
BRDA:6745,763,1,0
BRDA:6845,764,0,0
BRDA:6845,764,1,0
BRDA:6851,765,0,0
BRDA:6851,765,1,0
BRDA:6862,766,0,0
BRDA:6862,766,1,0
BRDA:6875,767,0,0
BRDA:6875,767,1,0
BRDA:6884,768,0,0
BRDA:6884,768,1,0
BRDA:6891,769,0,0
BRDA:6891,769,1,0
BRDA:6901,770,0,0
BRDA:6901,770,1,0
BRDA:6913,771,0,0
BRDA:6913,771,1,0
BRDA:6913,772,0,0
BRDA:6913,772,1,0
BRDA:6937,773,0,0
BRDA:6937,773,1,0
BRDA:6956,774,0,0
BRDA:6956,774,1,0
BRDA:6958,775,0,0
BRDA:6958,775,1,0
BRDA:6963,776,0,0
BRDA:6963,776,1,0
BRDA:6964,777,0,0
BRDA:6964,777,1,0
BRF:1643
BRH:42
end_of_record
TN:
SF:/home/leandro/BackupStefanini/NetBeansProjects/TekkenFront/src/assets/dist/js/bootstrap.bundle.min.js
FN:6,(anonymous_1)
FN:6,(anonymous_2)
FN:6,n
FN:6,i
FN:6,o
FN:6,(anonymous_6)
FN:6,r
FN:6,(anonymous_8)
FN:6,(anonymous_9)
FN:6,(anonymous_10)
FN:6,(anonymous_11)
FN:6,(anonymous_12)
FN:6,(anonymous_13)
FN:6,(anonymous_14)
FN:6,(anonymous_15)
FN:6,(anonymous_16)
FN:6,(anonymous_17)
FN:6,(anonymous_18)
FN:6,(anonymous_19)
FN:6,(anonymous_20)
FN:6,(anonymous_21)
FN:6,t
FN:6,(anonymous_23)
FN:6,(anonymous_24)
FN:6,(anonymous_25)
FN:6,(anonymous_26)
FN:6,(anonymous_27)
FN:6,(anonymous_28)
FN:6,(anonymous_29)
FN:6,(anonymous_30)
FN:6,(anonymous_31)
FN:6,(anonymous_32)
FN:6,(anonymous_33)
FN:6,(anonymous_34)
FN:6,(anonymous_35)
FN:6,(anonymous_36)
FN:6,t
FN:6,(anonymous_38)
FN:6,(anonymous_39)
FN:6,(anonymous_40)
FN:6,(anonymous_41)
FN:6,(anonymous_42)
FN:6,(anonymous_43)
FN:6,(anonymous_44)
FN:6,(anonymous_45)
FN:6,(anonymous_46)
FN:6,(anonymous_47)
FN:6,t
FN:6,(anonymous_49)
FN:6,(anonymous_50)
FN:6,(anonymous_51)
FN:6,(anonymous_52)
FN:6,(anonymous_53)
FN:6,(anonymous_54)
FN:6,(anonymous_55)
FN:6,(anonymous_56)
FN:6,(anonymous_57)
FN:6,(anonymous_58)
FN:6,(anonymous_59)
FN:6,(anonymous_60)
FN:6,(anonymous_61)
FN:6,(anonymous_62)
FN:6,(anonymous_63)
FN:6,(anonymous_64)
FN:6,(anonymous_65)
FN:6,(anonymous_66)
FN:6,(anonymous_67)
FN:6,(anonymous_68)
FN:6,(anonymous_69)
FN:6,(anonymous_70)
FN:6,(anonymous_71)
FN:6,(anonymous_72)
FN:6,(anonymous_73)
FN:6,(anonymous_74)
FN:6,(anonymous_75)
FN:6,(anonymous_76)
FN:6,(anonymous_77)
FN:6,(anonymous_78)
FN:6,(anonymous_79)
FN:6,(anonymous_80)
FN:6,(anonymous_81)
FN:6,(anonymous_82)
FN:6,(anonymous_83)
FN:6,(anonymous_84)
FN:6,(anonymous_85)
FN:6,(anonymous_86)
FN:6,(anonymous_87)
FN:6,(anonymous_88)
FN:6,(anonymous_89)
FN:6,t
FN:6,(anonymous_91)
FN:6,(anonymous_92)
FN:6,(anonymous_93)
FN:6,(anonymous_94)
FN:6,(anonymous_95)
FN:6,(anonymous_96)
FN:6,(anonymous_97)
FN:6,(anonymous_98)
FN:6,(anonymous_99)
FN:6,(anonymous_100)
FN:6,(anonymous_101)
FN:6,(anonymous_102)
FN:6,(anonymous_103)
FN:6,(anonymous_104)
FN:6,(anonymous_105)
FN:6,(anonymous_106)
FN:6,(anonymous_107)
FN:6,(anonymous_108)
FN:6,(anonymous_109)
FN:6,(anonymous_110)
FN:6,(anonymous_111)
FN:6,(anonymous_112)
FN:6,(anonymous_113)
FN:6,(anonymous_114)
FN:6,(anonymous_115)
FN:6,(anonymous_116)
FN:6,(anonymous_117)
FN:6,(anonymous_118)
FN:6,(anonymous_119)
FN:6,N
FN:6,k
FN:6,A
FN:6,I
FN:6,O
FN:6,L
FN:6,P
FN:6,F
FN:6,R
FN:6,H
FN:6,M
FN:6,B
FN:6,q
FN:6,Q
FN:6,(anonymous_134)
FN:6,(anonymous_135)
FN:6,t
FN:6,(anonymous_137)
FN:6,(anonymous_138)
FN:6,(anonymous_139)
FN:6,z
FN:6,X
FN:6,K
FN:6,G
FN:6,$
FN:6,J
FN:6,Z
FN:6,tt
FN:6,et
FN:6,(anonymous_149)
FN:6,(anonymous_150)
FN:6,(anonymous_151)
FN:6,nt
FN:6,it
FN:6,ot
FN:6,(anonymous_155)
FN:6,rt
FN:6,st
FN:6,at
FN:6,(anonymous_159)
FN:6,(anonymous_160)
FN:6,(anonymous_161)
FN:6,(anonymous_162)
FN:6,lt
FN:6,ct
FN:6,(anonymous_165)
FN:6,ht
FN:6,ut
FN:6,ft
FN:6,dt
FN:6,t
FN:6,pt
FN:6,mt
FN:6,(anonymous_173)
FN:6,gt
FN:6,_t
FN:6,(anonymous_176)
FN:6,bt
FN:6,(anonymous_178)
FN:6,(anonymous_179)
FN:6,Et
FN:6,Dt
FN:6,(anonymous_182)
FN:6,(anonymous_183)
FN:6,(anonymous_184)
FN:6,(anonymous_185)
FN:6,(anonymous_186)
FN:6,(anonymous_187)
[...]
FNDA:0,(anonymous_314)
FNDA:0,(anonymous_315)
FNDA:0,(anonymous_316)
FNDA:0,(anonymous_317)
FNDA:0,(anonymous_318)
DA:6,31
LF:1
LH:1
BRDA:6,1,0,0
BRDA:6,1,1,1
BRDA:6,2,0,1
BRDA:6,2,1,0
BRDA:6,3,0,0
BRDA:6,3,1,1
BRDA:6,4,0,1
BRDA:6,4,1,0
BRDA:6,5,0,1
BRDA:6,5,1,0
BRDA:6,6,0,0
BRDA:6,6,1,0
BRDA:6,7,0,31
BRDA:6,7,1,31
BRDA:6,8,0,31
BRDA:6,8,1,0
BRDA:6,9,0,11
BRDA:6,9,1,0
BRDA:6,10,0,11
BRDA:6,10,1,11
BRDA:6,11,0,1
BRDA:6,11,1,0
BRDA:6,12,0,0
BRDA:6,12,1,0
BRDA:6,13,0,0
BRDA:6,13,1,1
BRDA:6,14,0,1
BRDA:6,14,1,1
BRDA:6,15,0,0
BRDA:6,15,1,1
BRDA:6,16,0,1
BRDA:6,16,1,0
BRDA:6,17,0,0
BRDA:6,17,1,0
BRDA:6,18,0,0
BRDA:6,18,1,0
BRDA:6,19,0,0
BRDA:6,19,1,0
BRDA:6,20,0,0
BRDA:6,20,1,0
BRDA:6,21,0,0
BRDA:6,21,1,0
BRDA:6,22,0,0
BRDA:6,22,1,0
BRDA:6,23,0,0
BRDA:6,23,1,0
BRDA:6,24,0,0
BRDA:6,24,1,0
BRDA:6,25,0,0
BRDA:6,25,1,0
BRDA:6,26,0,0
BRDA:6,26,1,0
BRDA:6,27,0,0
BRDA:6,27,1,0
BRDA:6,28,0,0
BRDA:6,28,1,0
BRDA:6,29,0,0
BRDA:6,29,1,0
BRDA:6,30,0,0
BRDA:6,30,1,0
BRDA:6,31,0,0
BRDA:6,31,1,0
BRDA:6,32,0,0
BRDA:6,32,1,0
BRDA:6,33,0,0
BRDA:6,33,1,0
BRDA:6,34,0,0
BRDA:6,34,1,0
BRDA:6,35,0,0
BRDA:6,35,1,0
BRDA:6,36,0,0
BRDA:6,36,1,0
BRDA:6,37,0,0
BRDA:6,37,1,0
BRDA:6,38,0,0
BRDA:6,38,1,1
BRDA:6,39,0,0
BRDA:6,39,1,1
BRDA:6,40,0,1
BRDA:6,40,1,0
BRDA:6,40,2,1
BRDA:6,40,3,0
BRDA:6,40,4,0
BRDA:6,40,5,1
BRDA:6,41,0,0
BRDA:6,41,1,0
BRDA:6,42,0,0
BRDA:6,42,1,0
BRDA:6,43,0,0
BRDA:6,43,1,0
BRDA:6,44,0,0
BRDA:6,44,1,0
BRDA:6,45,0,0
BRDA:6,45,1,0
BRDA:6,46,0,0
BRDA:6,46,1,0
BRDA:6,47,0,0
BRDA:6,47,1,0
BRDA:6,48,0,0
BRDA:6,48,1,0
BRDA:6,49,0,0
BRDA:6,49,1,0
BRDA:6,50,0,0
BRDA:6,50,1,0
BRDA:6,51,0,0
BRDA:6,51,1,0
BRDA:6,52,0,0
BRDA:6,52,1,0
BRDA:6,53,0,0
BRDA:6,53,1,0
BRDA:6,54,0,0
BRDA:6,54,1,0
BRDA:6,55,0,0
BRDA:6,55,1,0
BRDA:6,56,0,0
BRDA:6,56,1,0
BRDA:6,57,0,0
BRDA:6,57,1,0
BRDA:6,57,2,0
BRDA:6,58,0,0
BRDA:6,58,1,0
BRDA:6,58,2,0
BRDA:6,59,0,0
BRDA:6,59,1,0
BRDA:6,60,0,0
BRDA:6,60,1,0
BRDA:6,61,0,0
BRDA:6,61,1,0
BRDA:6,62,0,0
BRDA:6,62,1,0
BRDA:6,63,0,0
BRDA:6,63,1,0
BRDA:6,64,0,0
BRDA:6,64,1,0
BRDA:6,65,0,0
BRDA:6,65,1,0
BRDA:6,65,2,0
BRDA:6,66,0,0
BRDA:6,66,1,0
BRDA:6,67,0,0
BRDA:6,67,1,0
BRDA:6,67,2,0
BRDA:6,68,0,0
BRDA:6,68,1,0
BRDA:6,68,2,0
BRDA:6,68,3,0
BRDA:6,69,0,0
BRDA:6,69,1,0
BRDA:6,70,0,0
BRDA:6,70,1,0
BRDA:6,71,0,0
BRDA:6,71,1,0
BRDA:6,72,0,0
BRDA:6,72,1,0
BRDA:6,73,0,0
BRDA:6,73,1,0
BRDA:6,74,0,0
BRDA:6,74,1,0
BRDA:6,75,0,0
BRDA:6,75,1,0
BRDA:6,75,2,0
BRDA:6,75,3,0
BRDA:6,76,0,0
BRDA:6,76,1,0
BRDA:6,77,0,0
BRDA:6,77,1,0
BRDA:6,78,0,0
BRDA:6,78,1,0
BRDA:6,79,0,0
BRDA:6,79,1,0
BRDA:6,80,0,0
BRDA:6,80,1,0
BRDA:6,81,0,0
BRDA:6,81,1,0
BRDA:6,81,2,0
BRDA:6,82,0,0
BRDA:6,82,1,0
BRDA:6,83,0,0
BRDA:6,83,1,0
BRDA:6,84,0,0
BRDA:6,84,1,0
BRDA:6,85,0,0
BRDA:6,85,1,0
BRDA:6,86,0,0
BRDA:6,86,1,0
BRDA:6,87,0,0
BRDA:6,87,1,0
BRDA:6,88,0,0
BRDA:6,88,1,0
BRDA:6,89,0,0
BRDA:6,89,1,0
BRDA:6,90,0,0
BRDA:6,90,1,0
BRDA:6,91,0,0
BRDA:6,91,1,0
BRDA:6,92,0,0
BRDA:6,92,1,0
BRDA:6,93,0,0
BRDA:6,93,1,0
BRDA:6,94,0,0
BRDA:6,94,1,0
BRDA:6,95,0,0
BRDA:6,95,1,0
BRDA:6,96,0,0
BRDA:6,96,1,0
BRDA:6,97,0,0
BRDA:6,97,1,0
BRDA:6,98,0,0
BRDA:6,98,1,0
BRDA:6,98,2,0
BRDA:6,99,0,0
BRDA:6,99,1,0
BRDA:6,100,0,0
BRDA:6,100,1,0
BRDA:6,101,0,0
BRDA:6,101,1,0
BRDA:6,102,0,0
BRDA:6,102,1,0
BRDA:6,103,0,0
BRDA:6,103,1,0
BRDA:6,104,0,0
BRDA:6,104,1,0
BRDA:6,105,0,0
BRDA:6,105,1,0
BRDA:6,106,0,0
BRDA:6,106,1,0
BRDA:6,107,0,0
BRDA:6,107,1,0
BRDA:6,108,0,0
BRDA:6,108,1,0
BRDA:6,109,0,0
BRDA:6,109,1,0
BRDA:6,109,2,0
BRDA:6,109,3,0
BRDA:6,109,4,0
BRDA:6,110,0,0
BRDA:6,110,1,0
BRDA:6,111,0,0
BRDA:6,111,1,0
BRDA:6,112,0,0
BRDA:6,112,1,0
BRDA:6,113,0,0
BRDA:6,113,1,0
BRDA:6,114,0,0
BRDA:6,114,1,0
BRDA:6,114,2,0
BRDA:6,115,0,0
BRDA:6,115,1,0
BRDA:6,116,0,0
BRDA:6,116,1,0
BRDA:6,117,0,0
BRDA:6,117,1,0
BRDA:6,118,0,0
BRDA:6,118,1,0
BRDA:6,119,0,0
BRDA:6,119,1,0
BRDA:6,119,2,0
BRDA:6,120,0,0
BRDA:6,120,1,0
BRDA:6,121,0,0
BRDA:6,121,1,0
BRDA:6,122,0,0
BRDA:6,122,1,0
BRDA:6,123,0,0
BRDA:6,123,1,0
BRDA:6,124,0,0
BRDA:6,124,1,0
BRDA:6,125,0,0
BRDA:6,125,1,0
BRDA:6,126,0,0
BRDA:6,126,1,0
BRDA:6,127,0,0
BRDA:6,127,1,0
BRDA:6,128,0,0
BRDA:6,128,1,0
BRDA:6,129,0,0
BRDA:6,129,1,0
BRDA:6,130,0,0
BRDA:6,130,1,0
BRDA:6,131,0,0
BRDA:6,131,1,0
BRDA:6,132,0,0
BRDA:6,132,1,0
BRDA:6,132,2,0
BRDA:6,133,0,0
BRDA:6,133,1,0
BRDA:6,134,0,0
BRDA:6,134,1,0
BRDA:6,135,0,0
BRDA:6,135,1,0
BRDA:6,136,0,0
BRDA:6,136,1,0
BRDA:6,137,0,0
BRDA:6,137,1,0
BRDA:6,138,0,0
BRDA:6,138,1,0
BRDA:6,138,2,0
BRDA:6,139,0,0
BRDA:6,139,1,0
BRDA:6,140,0,0
BRDA:6,140,1,0
BRDA:6,141,0,0
BRDA:6,141,1,0
BRDA:6,142,0,0
BRDA:6,142,1,0
BRDA:6,143,0,0
BRDA:6,143,1,0
BRDA:6,144,0,0
BRDA:6,144,1,0
BRDA:6,144,2,0
BRDA:6,145,0,0
BRDA:6,145,1,0
BRDA:6,145,2,0
BRDA:6,146,0,0
BRDA:6,146,1,0
BRDA:6,147,0,0
BRDA:6,147,1,0
BRDA:6,147,2,0
BRDA:6,148,0,0
BRDA:6,148,1,0
BRDA:6,149,0,0
BRDA:6,149,1,0
BRDA:6,150,0,0
BRDA:6,150,1,0
BRDA:6,151,0,0
BRDA:6,151,1,0
BRDA:6,152,0,0
BRDA:6,152,1,0
BRDA:6,153,0,0
BRDA:6,153,1,0
BRDA:6,154,0,0
BRDA:6,154,1,0
BRDA:6,155,0,0
BRDA:6,155,1,0
BRDA:6,156,0,0
BRDA:6,156,1,0
BRDA:6,157,0,0
BRDA:6,157,1,0
BRDA:6,158,0,0
BRDA:6,158,1,0
BRDA:6,159,0,0
BRDA:6,159,1,0
BRDA:6,160,0,0
BRDA:6,160,1,0
BRDA:6,161,0,0
BRDA:6,161,1,0
BRDA:6,162,0,0
BRDA:6,162,1,0
BRDA:6,163,0,0
BRDA:6,163,1,0
BRDA:6,164,0,0
BRDA:6,164,1,0
BRDA:6,165,0,0
BRDA:6,165,1,0
BRDA:6,166,0,0
BRDA:6,166,1,0
BRDA:6,166,2,0
BRDA:6,166,3,0
BRDA:6,166,4,0
BRDA:6,167,0,0
BRDA:6,167,1,0
BRDA:6,168,0,0
BRDA:6,168,1,0
BRDA:6,169,0,0
BRDA:6,169,1,0
BRDA:6,170,0,0
BRDA:6,170,1,0
BRDA:6,171,0,0
BRDA:6,171,1,0
BRDA:6,172,0,0
BRDA:6,172,1,0
BRDA:6,173,0,0
BRDA:6,173,1,0
BRDA:6,174,0,0
BRDA:6,174,1,0
BRDA:6,175,0,0
BRDA:6,175,1,0
BRDA:6,176,0,0
BRDA:6,176,1,0
BRDA:6,176,2,0
BRDA:6,177,0,0
BRDA:6,177,1,0
BRDA:6,178,0,0
BRDA:6,178,1,0
BRDA:6,179,0,0
BRDA:6,179,1,0
BRDA:6,180,0,0
BRDA:6,180,1,0
BRDA:6,181,0,0
BRDA:6,181,1,0
BRDA:6,182,0,0
BRDA:6,182,1,0
BRDA:6,183,0,0
BRDA:6,183,1,0
BRDA:6,184,0,0
BRDA:6,184,1,0
BRDA:6,185,0,0
BRDA:6,185,1,0
BRDA:6,185,2,0
BRDA:6,186,0,0
BRDA:6,186,1,0
BRDA:6,187,0,0
BRDA:6,187,1,0
BRDA:6,187,2,0
BRDA:6,188,0,0
BRDA:6,188,1,0
BRDA:6,189,0,0
BRDA:6,189,1,0
BRDA:6,190,0,0
BRDA:6,190,1,0
BRDA:6,191,0,0
BRDA:6,191,1,0
BRDA:6,192,0,0
BRDA:6,192,1,0
BRDA:6,193,0,0
BRDA:6,193,1,0
BRDA:6,194,0,0
BRDA:6,194,1,0
BRDA:6,195,0,0
BRDA:6,195,1,0
BRDA:6,196,0,0
BRDA:6,196,1,0
BRDA:6,197,0,0
BRDA:6,197,1,0
BRDA:6,198,0,0
BRDA:6,198,1,0
BRDA:6,199,0,0
BRDA:6,199,1,0
BRDA:6,200,0,0
BRDA:6,200,1,0
BRDA:6,201,0,0
BRDA:6,201,1,0
BRDA:6,202,0,0
BRDA:6,202,1,0
BRDA:6,203,0,0
BRDA:6,203,1,0
BRDA:6,204,0,0
BRDA:6,204,1,0
BRDA:6,205,0,0
BRDA:6,205,1,0
BRDA:6,206,0,0
BRDA:6,206,1,0
BRDA:6,207,0,0
BRDA:6,207,1,0
BRDA:6,207,2,0
BRDA:6,207,3,0
BRDA:6,208,0,0
BRDA:6,208,1,0
BRDA:6,209,0,0
BRDA:6,209,1,0
BRDA:6,209,2,0
BRDA:6,210,0,0
BRDA:6,210,1,0
BRDA:6,211,0,0
BRDA:6,211,1,0
BRDA:6,212,0,0
BRDA:6,212,1,0
BRDA:6,212,2,0
BRDA:6,212,3,0
BRDA:6,212,4,0
BRDA:6,212,5,0
BRDA:6,213,0,0
BRDA:6,213,1,0
BRDA:6,214,0,0
BRDA:6,214,1,0
BRDA:6,215,0,0
BRDA:6,215,1,0
BRDA:6,216,0,0
BRDA:6,216,1,0
BRDA:6,217,0,0
BRDA:6,217,1,0
BRDA:6,218,0,0
BRDA:6,218,1,0
BRDA:6,219,0,0
BRDA:6,219,1,0
BRDA:6,219,2,0
BRDA:6,220,0,0
BRDA:6,220,1,0
BRDA:6,221,0,0
BRDA:6,221,1,0
BRDA:6,221,2,0
BRDA:6,221,3,0
BRDA:6,221,4,0
BRDA:6,222,0,0
BRDA:6,222,1,0
BRDA:6,223,0,0
BRDA:6,223,1,0
BRDA:6,224,0,0
BRDA:6,224,1,0
BRDA:6,225,0,0
BRDA:6,225,1,0
BRDA:6,225,2,0
BRDA:6,225,3,0
BRDA:6,226,0,0
BRDA:6,226,1,0
BRDA:6,227,0,0
BRDA:6,227,1,0
BRDA:6,228,0,0
BRDA:6,228,1,0
BRDA:6,228,2,0
BRDA:6,229,0,0
BRDA:6,229,1,0
BRDA:6,229,2,0
BRDA:6,230,0,0
BRDA:6,230,1,0
BRDA:6,231,0,0
BRDA:6,231,1,0
BRDA:6,232,0,0
BRDA:6,232,1,0
BRDA:6,233,0,0
BRDA:6,233,1,0
BRDA:6,234,0,0
BRDA:6,234,1,0
BRDA:6,235,0,0
BRDA:6,235,1,0
BRDA:6,235,2,0
BRDA:6,236,0,0
BRDA:6,236,1,0
BRDA:6,237,0,0
BRDA:6,237,1,0
BRDA:6,238,0,0
BRDA:6,238,1,0
BRDA:6,239,0,0
BRDA:6,239,1,0
BRDA:6,240,0,0
BRDA:6,240,1,0
BRDA:6,241,0,0
BRDA:6,241,1,0
BRDA:6,242,0,0
BRDA:6,242,1,0
BRDA:6,243,0,0
BRDA:6,243,1,0
BRDA:6,244,0,0
BRDA:6,244,1,0
BRDA:6,245,0,0
BRDA:6,245,1,0
BRDA:6,246,0,0
BRDA:6,246,1,0
BRDA:6,247,0,0
BRDA:6,247,1,0
BRDA:6,248,0,0
BRDA:6,248,1,0
BRDA:6,249,0,0
BRDA:6,249,1,0
BRDA:6,249,2,0
BRDA:6,250,0,0
BRDA:6,250,1,0
BRDA:6,251,0,0
BRDA:6,251,1,0
BRDA:6,252,0,0
BRDA:6,252,1,0
BRDA:6,253,0,0
BRDA:6,253,1,0
BRDA:6,254,0,0
BRDA:6,254,1,0
BRDA:6,255,0,0
BRDA:6,255,1,0
BRDA:6,256,0,0
BRDA:6,256,1,0
BRDA:6,256,2,0
BRDA:6,256,3,0
BRDA:6,257,0,0
BRDA:6,257,1,0
BRDA:6,258,0,0
BRDA:6,258,1,0
BRDA:6,259,0,0
BRDA:6,259,1,0
BRDA:6,260,0,0
BRDA:6,260,1,0
BRDA:6,260,2,0
BRDA:6,261,0,0
BRDA:6,261,1,0
BRDA:6,262,0,0
BRDA:6,262,1,0
BRDA:6,263,0,0
BRDA:6,263,1,0
BRDA:6,264,0,0
BRDA:6,264,1,0
BRDA:6,265,0,0
BRDA:6,265,1,0
BRDA:6,266,0,0
BRDA:6,266,1,0
BRDA:6,267,0,0
BRDA:6,267,1,0
BRDA:6,268,0,0
BRDA:6,268,1,0
BRDA:6,269,0,0
BRDA:6,269,1,0
BRDA:6,270,0,0
BRDA:6,270,1,0
BRDA:6,271,0,0
BRDA:6,271,1,0
BRDA:6,272,0,0
BRDA:6,272,1,0
BRDA:6,273,0,0
BRDA:6,273,1,0
BRDA:6,274,0,0
BRDA:6,274,1,0
BRDA:6,275,0,0
BRDA:6,275,1,0
BRDA:6,276,0,0
BRDA:6,276,1,0
BRDA:6,277,0,0
BRDA:6,277,1,0
BRDA:6,278,0,0
BRDA:6,278,1,0
BRDA:6,278,2,0
BRDA:6,279,0,0
BRDA:6,279,1,0
BRDA:6,279,2,0
BRDA:6,280,0,0
BRDA:6,280,1,0
BRDA:6,281,0,0
BRDA:6,281,1,0
BRDA:6,282,0,0
BRDA:6,282,1,0
BRDA:6,283,0,0
BRDA:6,283,1,0
BRDA:6,284,0,0
BRDA:6,284,1,0
BRDA:6,285,0,0
BRDA:6,285,1,0
BRDA:6,286,0,0
BRDA:6,286,1,0
BRDA:6,287,0,0
BRDA:6,287,1,0
BRDA:6,288,0,0
BRDA:6,288,1,0
BRDA:6,289,0,0
BRDA:6,289,1,0
BRDA:6,290,0,0
BRDA:6,290,1,0
BRDA:6,291,0,0
BRDA:6,291,1,0
BRDA:6,292,0,0
BRDA:6,292,1,0
BRDA:6,292,2,0
BRDA:6,293,0,0
BRDA:6,293,1,0
BRDA:6,294,0,0
BRDA:6,294,1,0
BRDA:6,295,0,0
BRDA:6,295,1,0
BRDA:6,296,0,0
BRDA:6,296,1,0
BRDA:6,297,0,0
BRDA:6,297,1,0
BRDA:6,298,0,0
BRDA:6,298,1,0
BRDA:6,299,0,0
BRDA:6,299,1,0
BRDA:6,300,0,0
BRDA:6,300,1,0
BRDA:6,301,0,0
BRDA:6,301,1,0
BRDA:6,302,0,0
BRDA:6,302,1,0
BRDA:6,303,0,0
BRDA:6,303,1,0
BRDA:6,304,0,0
BRDA:6,304,1,0
BRDA:6,305,0,0
BRDA:6,305,1,0
BRDA:6,306,0,0
BRDA:6,306,1,0
BRDA:6,307,0,0
BRDA:6,307,1,0
BRDA:6,308,0,0
BRDA:6,308,1,0
BRDA:6,309,0,0
BRDA:6,309,1,0
BRDA:6,310,0,0
BRDA:6,310,1,0
BRDA:6,311,0,0
BRDA:6,311,1,0
BRDA:6,312,0,0
BRDA:6,312,1,0
BRDA:6,313,0,0
BRDA:6,313,1,0
BRDA:6,314,0,0
BRDA:6,314,1,0
BRDA:6,315,0,0
BRDA:6,315,1,0
BRDA:6,316,0,0
BRDA:6,316,1,0
BRDA:6,317,0,0
BRDA:6,317,1,0
BRDA:6,318,0,0
BRDA:6,318,1,0
BRDA:6,319,0,0
BRDA:6,319,1,0
BRDA:6,319,2,0
BRDA:6,320,0,0
BRDA:6,320,1,0
BRDA:6,321,0,0
BRDA:6,321,1,0
BRDA:6,322,0,0
BRDA:6,322,1,0
BRDA:6,323,0,0
BRDA:6,323,1,0
BRDA:6,324,0,0
BRDA:6,324,1,0
BRDA:6,325,0,0
BRDA:6,325,1,0
BRDA:6,326,0,0
BRDA:6,326,1,0
BRDA:6,327,0,0
BRDA:6,327,1,0
BRDA:6,328,0,0
BRDA:6,328,1,0
BRDA:6,328,2,0
BRDA:6,329,0,0
BRDA:6,329,1,0
BRDA:6,330,0,0
BRDA:6,330,1,0
BRDA:6,331,0,0
BRDA:6,331,1,0
BRDA:6,332,0,0
BRDA:6,332,1,0
BRDA:6,333,0,0
BRDA:6,333,1,0
BRDA:6,334,0,0
BRDA:6,334,1,0
BRDA:6,335,0,0
BRDA:6,335,1,0
BRDA:6,336,0,0
BRDA:6,336,1,0
BRDA:6,337,0,0
BRDA:6,337,1,0
BRDA:6,338,0,0
BRDA:6,338,1,0
BRDA:6,339,0,0
BRDA:6,339,1,0
BRDA:6,340,0,0
BRDA:6,340,1,0
BRDA:6,341,0,0
BRDA:6,341,1,0
BRDA:6,342,0,0
BRDA:6,342,1,0
BRDA:6,343,0,0
BRDA:6,343,1,0
BRDA:6,344,0,0
BRDA:6,344,1,0
BRDA:6,345,0,0
BRDA:6,345,1,0
BRDA:6,346,0,0
BRDA:6,346,1,0
BRDA:6,346,2,0
BRDA:6,347,0,0
BRDA:6,347,1,0
BRDA:6,348,0,0
BRDA:6,348,1,0
BRDA:6,349,0,0
BRDA:6,349,1,0
BRDA:6,350,0,0
BRDA:6,350,1,0
BRDA:6,351,0,0
BRDA:6,351,1,0
BRDA:6,352,0,0
BRDA:6,352,1,0
BRDA:6,353,0,0
BRDA:6,353,1,0
BRDA:6,354,0,0
BRDA:6,354,1,0
BRDA:6,355,0,0
BRDA:6,355,1,0
BRDA:6,356,0,0
BRDA:6,356,1,0
BRDA:6,357,0,0
BRDA:6,357,1,0
BRDA:6,358,0,0
BRDA:6,358,1,0
BRDA:6,359,0,0
BRDA:6,359,1,0
BRDA:6,360,0,0
BRDA:6,360,1,0
BRDA:6,361,0,0
BRDA:6,361,1,0
BRDA:6,362,0,0
BRDA:6,362,1,0
BRDA:6,363,0,0
BRDA:6,363,1,0
BRDA:6,364,0,0
BRDA:6,364,1,0
BRDA:6,365,0,0
BRDA:6,365,1,0
BRDA:6,366,0,0
BRDA:6,366,1,0
BRDA:6,367,0,0
BRDA:6,367,1,0
BRDA:6,368,0,0
BRDA:6,368,1,0
BRDA:6,369,0,0
BRDA:6,369,1,0
BRDA:6,370,0,0
BRDA:6,370,1,0
BRDA:6,371,0,0
BRDA:6,371,1,0
BRDA:6,372,0,0
BRDA:6,372,1,0
BRDA:6,373,0,0
BRDA:6,373,1,0
BRDA:6,374,0,0
BRDA:6,374,1,0
BRDA:6,375,0,0
BRDA:6,375,1,0
BRDA:6,375,2,0
BRDA:6,376,0,0
BRDA:6,376,1,0
BRDA:6,377,0,0
BRDA:6,377,1,0
BRDA:6,378,0,0
BRDA:6,378,1,0
BRDA:6,379,0,0
BRDA:6,379,1,0
BRDA:6,379,2,0
BRDA:6,380,0,0
BRDA:6,380,1,0
BRDA:6,381,0,0
BRDA:6,381,1,0
BRDA:6,382,0,0
BRDA:6,382,1,0
BRDA:6,383,0,0
BRDA:6,383,1,0
BRDA:6,384,0,0
BRDA:6,384,1,0
BRDA:6,385,0,0
BRDA:6,385,1,0
BRDA:6,386,0,0
BRDA:6,386,1,0
BRDA:6,387,0,0
BRDA:6,387,1,0
BRDA:6,387,2,0
BRDA:6,388,0,0
BRDA:6,388,1,0
BRDA:6,389,0,0
BRDA:6,389,1,0
BRDA:6,390,0,0
BRDA:6,390,1,0
BRDA:6,390,2,0
BRDA:6,391,0,0
BRDA:6,391,1,0
BRDA:6,392,0,0
BRDA:6,392,1,0
BRDA:6,393,0,0
BRDA:6,393,1,0
BRDA:6,394,0,0
BRDA:6,394,1,0
BRDA:6,395,0,0
BRDA:6,395,1,0
BRDA:6,396,0,0
BRDA:6,396,1,0
BRDA:6,397,0,0
BRDA:6,397,1,0
BRDA:6,398,0,0
BRDA:6,398,1,0
BRDA:6,399,0,0
BRDA:6,399,1,0
BRDA:6,400,0,0
BRDA:6,400,1,0
BRDA:6,401,0,0
BRDA:6,401,1,0
BRDA:6,402,0,0
BRDA:6,402,1,0
BRDA:6,403,0,0
BRDA:6,403,1,0
BRDA:6,404,0,0
BRDA:6,404,1,0
BRDA:6,405,0,0
BRDA:6,405,1,0
BRDA:6,406,0,0
BRDA:6,406,1,0
BRDA:6,407,0,0
BRDA:6,407,1,0
BRDA:6,408,0,0
BRDA:6,408,1,0
BRDA:6,409,0,0
BRDA:6,409,1,0
BRDA:6,410,0,0
BRDA:6,410,1,0
BRDA:6,411,0,0
BRDA:6,411,1,0
BRDA:6,412,0,0
BRDA:6,412,1,0
BRDA:6,413,0,0
BRDA:6,413,1,0
BRDA:6,413,2,0
BRDA:6,414,0,0
BRDA:6,414,1,0
BRDA:6,414,2,0
BRDA:6,414,3,0
BRDA:6,414,4,0
BRDA:6,415,0,0
BRDA:6,415,1,0
BRDA:6,416,0,0
BRDA:6,416,1,0
BRDA:6,417,0,0
BRDA:6,417,1,0
BRDA:6,418,0,0
BRDA:6,418,1,0
BRDA:6,419,0,0
BRDA:6,419,1,0
BRDA:6,420,0,0
BRDA:6,420,1,0
BRDA:6,421,0,0
BRDA:6,421,1,0
BRDA:6,421,2,0
BRDA:6,421,3,0
BRDA:6,422,0,0
BRDA:6,422,1,0
BRDA:6,423,0,0
BRDA:6,423,1,0
BRDA:6,424,0,0
BRDA:6,424,1,0
BRDA:6,425,0,0
BRDA:6,425,1,0
BRDA:6,426,0,0
BRDA:6,426,1,0
BRDA:6,427,0,0
BRDA:6,427,1,0
BRDA:6,428,0,0
BRDA:6,428,1,0
BRDA:6,429,0,0
BRDA:6,429,1,0
BRDA:6,430,0,0
BRDA:6,430,1,0
BRDA:6,431,0,0
BRDA:6,431,1,0
BRDA:6,431,2,0
BRDA:6,432,0,0
BRDA:6,432,1,0
BRDA:6,432,2,0
BRDA:6,433,0,0
BRDA:6,433,1,0
BRDA:6,434,0,0
BRDA:6,434,1,0
BRDA:6,435,0,0
BRDA:6,435,1,0
BRDA:6,436,0,0
BRDA:6,436,1,0
BRDA:6,437,0,0
BRDA:6,437,1,0
BRDA:6,438,0,0
BRDA:6,438,1,0
BRDA:6,439,0,0
BRDA:6,439,1,0
BRDA:6,440,0,0
BRDA:6,440,1,0
BRDA:6,441,0,0
BRDA:6,441,1,0
BRDA:6,442,0,0
BRDA:6,442,1,0
BRDA:6,443,0,0
BRDA:6,443,1,0
BRDA:6,444,0,0
BRDA:6,444,1,0
BRDA:6,445,0,0
BRDA:6,445,1,0
BRDA:6,446,0,0
BRDA:6,446,1,0
BRDA:6,447,0,0
BRDA:6,447,1,0
BRDA:6,448,0,0
BRDA:6,448,1,0
BRDA:6,449,0,0
BRDA:6,449,1,0
BRDA:6,450,0,0
BRDA:6,450,1,0
BRDA:6,451,0,0
BRDA:6,451,1,0
BRDA:6,452,0,0
BRDA:6,452,1,0
BRDA:6,453,0,0
BRDA:6,453,1,0
BRDA:6,454,0,0
BRDA:6,454,1,0
BRDA:6,455,0,0
BRDA:6,455,1,0
BRDA:6,456,0,0
BRDA:6,456,1,0
BRDA:6,457,0,0
BRDA:6,457,1,0
BRDA:6,458,0,0
BRDA:6,458,1,0
BRDA:6,459,0,0
BRDA:6,459,1,0
BRDA:6,460,0,0
BRDA:6,460,1,0
BRF:988
BRH:22
end_of_record
TN:
SF:/home/leandro/BackupStefanini/NetBeansProjects/TekkenFront/src/resources/js/app.js
FN:7,(anonymous_1)
FN:10,(anonymous_2)
FN:28,(anonymous_3)
FN:41,(anonymous_4)
FNF:4
FNH:3
FNDA:1,(anonymous_1)
FNDA:5,(anonymous_2)
FNDA:0,(anonymous_3)
FNDA:1,(anonymous_4)
DA:7,1
DA:8,1
DA:9,1
DA:10,1
DA:11,5
DA:29,0
DA:30,0
DA:31,0
DA:33,0
DA:40,1
DA:41,1
DA:42,1
DA:46,1
LF:13
LH:9
BRF:0
BRH:0
end_of_record
TN:
SF:/home/leandro/BackupStefanini/NetBeansProjects/TekkenFront/src/resources/js/appController.js
FN:8,(anonymous_1)
FN:9,(anonymous_2)
FNF:2
FNH:1
FNDA:1,(anonymous_1)
FNDA:0,(anonymous_2)
DA:8,1
DA:9,1
DA:10,0
DA:12,1
LF:4
LH:3
BRF:0
BRH:0
end_of_record
TN:
SF:/home/leandro/BackupStefanini/NetBeansProjects/TekkenFront/src/resources/js/dataToggler.js
FNF:0
FNH:0
LF:0
LH:0
BRF:0
BRH:0
end_of_record
TN:
SF:/home/leandro/BackupStefanini/NetBeansProjects/TekkenFront/src/resources/js/erroService.js
FN:1,(anonymous_1)
FN:2,(anonymous_2)
FN:6,(anonymous_3)
FN:7,(anonymous_4)
FN:8,(anonymous_5)
FN:9,(anonymous_6)
FN:10,(anonymous_7)
FNF:7
FNH:5
FNDA:1,(anonymous_1)
FNDA:3,(anonymous_2)
FNDA:0,(anonymous_3)
FNDA:1,(anonymous_4)
FNDA:1,(anonymous_5)
FNDA:1,(anonymous_6)
FNDA:0,(anonymous_7)
DA:1,1
DA:2,1
DA:3,3
DA:4,3
DA:5,3
DA:6,3
DA:7,3
DA:8,3
DA:9,3
DA:10,3
DA:11,3
DA:18,3
DA:20,1
LF:13
LH:13
BRF:0
BRH:0
end_of_record
TN:
SF:/home/leandro/BackupStefanini/NetBeansProjects/TekkenFront/src/resources/js/paginas/credenciaisController.js
FN:9,(anonymous_1)
FN:11,(anonymous_2)
FN:14,(anonymous_3)
FNF:3
FNH:1
FNDA:1,(anonymous_1)
FNDA:0,(anonymous_2)
FNDA:0,(anonymous_3)
DA:9,1
DA:11,1
DA:12,0
DA:14,0
DA:15,0
DA:21,1
LF:6
LH:3
BRF:0
BRH:0
end_of_record
TN:
SF:/home/leandro/BackupStefanini/NetBeansProjects/TekkenFront/src/resources/js/paginas/indexComponente.js
FN:7,(anonymous_1)
FN:10,(anonymous_2)
FN:22,(anonymous_3)
FN:27,(anonymous_4)
FN:31,(anonymous_5)
FN:34,(anonymous_6)
FN:39,(anonymous_7)
FN:45,(anonymous_8)
FN:54,(anonymous_9)
FN:59,(anonymous_10)
FN:65,(anonymous_11)
FN:69,(anonymous_12)
FN:80,(anonymous_13)
FN:84,(anonymous_14)
FN:94,(anonymous_15)
FN:98,(anonymous_16)
FN:104,(anonymous_17)
FN:119,(anonymous_18)
FN:122,(anonymous_19)
FN:131,(anonymous_20)
FN:135,(anonymous_21)
FN:148,(anonymous_22)
FN:150,(anonymous_23)
FN:155,(anonymous_24)
FN:176,(anonymous_25)
FN:179,(anonymous_26)
FNF:26
FNH:7
FNDA:1,(anonymous_1)
FNDA:3,(anonymous_2)
FNDA:2,(anonymous_3)
FNDA:2,(anonymous_4)
FNDA:1,(anonymous_5)
FNDA:2,(anonymous_6)
FNDA:1,(anonymous_7)
FNDA:0,(anonymous_8)
FNDA:0,(anonymous_9)
FNDA:0,(anonymous_10)
FNDA:0,(anonymous_11)
FNDA:0,(anonymous_12)
FNDA:0,(anonymous_13)
FNDA:0,(anonymous_14)
FNDA:0,(anonymous_15)
FNDA:0,(anonymous_16)
FNDA:0,(anonymous_17)
FNDA:0,(anonymous_18)
FNDA:0,(anonymous_19)
FNDA:0,(anonymous_20)
FNDA:0,(anonymous_21)
FNDA:0,(anonymous_22)
FNDA:0,(anonymous_23)
FNDA:0,(anonymous_24)
FNDA:0,(anonymous_25)
FNDA:0,(anonymous_26)
DA:7,1
DA:10,1
DA:11,3
DA:12,3
DA:13,3
DA:15,3
DA:16,3
DA:17,3
DA:18,3
DA:19,3
DA:20,3
DA:22,3
DA:23,2
DA:24,2
DA:27,3
DA:28,2
DA:31,3
DA:32,1
DA:33,1
DA:34,1
DA:35,2
DA:39,3
DA:40,1
DA:41,1
DA:42,1
DA:45,3
DA:46,0
DA:47,0
DA:48,0
DA:49,0
DA:54,0
DA:55,0
DA:56,0
DA:57,0
DA:58,0
DA:60,0
DA:65,3
DA:66,0
DA:69,3
DA:70,0
DA:71,0
DA:72,0
DA:73,0
DA:79,0
DA:80,0
DA:81,0
DA:82,0
DA:83,0
DA:85,0
DA:88,0
DA:94,0
DA:95,0
DA:96,0
DA:97,0
DA:99,0
DA:104,3
DA:105,0
DA:106,0
DA:112,0
DA:120,0
DA:121,0
DA:123,0
DA:126,0
DA:131,3
DA:132,0
DA:135,3
DA:136,0
DA:147,0
DA:148,0
DA:149,0
DA:151,0
DA:155,3
DA:156,0
DA:157,0
DA:168,0
DA:169,0
DA:177,0
DA:178,0
DA:180,0
DA:183,0
DA:189,1
LF:81
LH:33
BRDA:48,1,0,0
BRDA:48,1,1,0
BRDA:52,2,0,0
BRDA:52,2,1,0
BRDA:72,3,0,0
BRDA:72,3,1,0
BRDA:74,4,0,0
BRDA:74,4,1,0
BRDA:76,5,0,0
BRDA:76,5,1,0
BRDA:105,6,0,0
BRDA:105,6,1,0
BRDA:107,7,0,0
BRDA:107,7,1,0
BRDA:109,8,0,0
BRDA:109,8,1,0
BRDA:156,9,0,0
BRDA:156,9,1,0
BRF:18
BRH:0
end_of_record
TN:
SF:/home/leandro/BackupStefanini/NetBeansProjects/TekkenFront/src/resources/js/paginas/loginController.js
FN:7,(anonymous_1)
FN:10,(anonymous_2)
FN:16,(anonymous_3)
FN:17,(anonymous_4)
FNF:4
FNH:1
FNDA:1,(anonymous_1)
FNDA:0,(anonymous_2)
FNDA:0,(anonymous_3)
FNDA:0,(anonymous_4)
DA:7,1
DA:9,1
DA:10,1
DA:11,0
DA:16,0
DA:17,0
DA:18,0
DA:23,1
LF:8
LH:4
BRF:0
BRH:0
end_of_record
TN:
SF:/home/leandro/BackupStefanini/NetBeansProjects/TekkenFront/src/resources/js/paginas/servicos.js
FN:8,(anonymous_1)
FN:10,(anonymous_2)
FN:16,(anonymous_3)
FN:19,(anonymous_4)
FNF:4
FNH:1
FNDA:1,(anonymous_1)
FNDA:0,(anonymous_2)
FNDA:0,(anonymous_3)
FNDA:0,(anonymous_4)
DA:8,1
DA:10,1
DA:11,0
DA:12,0
DA:16,0
DA:17,0
DA:19,0
DA:20,0
DA:22,0
LF:9
LH:2
BRF:0
BRH:0
end_of_record
TN:
SF:/home/leandro/BackupStefanini/NetBeansProjects/TekkenFront/src/resources/js/paginas/usuario.js
FN:7,(anonymous_1)
FNF:1
FNH:1
FNDA:1,(anonymous_1)
DA:7,1
DA:8,1
LF:2
LH:2
BRF:0
BRH:0
end_of_record
TN:
SF:/home/leandro/BackupStefanini/NetBeansProjects/TekkenFront/src/resources/js/paginas/usuarioController.js
FN:9,(anonymous_1)
FN:11,(anonymous_2)
FN:17,(anonymous_3)
FN:21,(anonymous_4)
FNF:4
FNH:3
FNDA:1,(anonymous_1)
FNDA:1,(anonymous_2)
FNDA:1,(anonymous_3)
FNDA:0,(anonymous_4)
DA:9,1
DA:11,1
DA:13,1
DA:15,1
DA:17,1
DA:18,1
DA:21,1
DA:22,0
DA:27,1
LF:9
LH:8
BRF:0
BRH:0
end_of_record
